                                      1 ;--------------------------------------------------------
                                      2 ; File Created by SDCC : free open source ANSI-C Compiler
                                      3 ; Version 4.1.0 #12072 (MINGW64)
                                      4 ;--------------------------------------------------------
                                      5 	.module spse_stm8
                                      6 	.optsdcc -mstm8
                                      7 	
                                      8 ;--------------------------------------------------------
                                      9 ; Public variables in this module
                                     10 ;--------------------------------------------------------
                                     11 	.globl _ADC2_GetConversionValue
                                     12 	.globl _ADC_get
                                     13 	.globl _ADC2_Select_Channel
                                     14 	.globl _ADC2_AlignConfig
                                     15 	.globl _ADC2_Startup_Wait
                                     16 ;--------------------------------------------------------
                                     17 ; ram data
                                     18 ;--------------------------------------------------------
                                     19 	.area DATA
                                     20 ;--------------------------------------------------------
                                     21 ; ram data
                                     22 ;--------------------------------------------------------
                                     23 	.area INITIALIZED
                                     24 ;--------------------------------------------------------
                                     25 ; absolute external ram data
                                     26 ;--------------------------------------------------------
                                     27 	.area DABS (ABS)
                                     28 
                                     29 ; default segment ordering for linker
                                     30 	.area HOME
                                     31 	.area GSINIT
                                     32 	.area GSFINAL
                                     33 	.area CONST
                                     34 	.area INITIALIZER
                                     35 	.area CODE
                                     36 
                                     37 ;--------------------------------------------------------
                                     38 ; global & static initialisations
                                     39 ;--------------------------------------------------------
                                     40 	.area HOME
                                     41 	.area GSINIT
                                     42 	.area GSFINAL
                                     43 	.area GSINIT
                                     44 ;--------------------------------------------------------
                                     45 ; Home
                                     46 ;--------------------------------------------------------
                                     47 	.area HOME
                                     48 	.area HOME
                                     49 ;--------------------------------------------------------
                                     50 ; code
                                     51 ;--------------------------------------------------------
                                     52 	.area CODE
                           000000    53 	Sspse_stm8$_delay_cycl$0 ==.
                                     54 ;	inc/delay.h: 14: static @inline void _delay_cycl( unsigned short __ticks )
                                     55 ; genLabel
                                     56 ;	-----------------------------------------
                                     57 ;	 function _delay_cycl
                                     58 ;	-----------------------------------------
                                     59 ;	Register assignment is optimal.
                                     60 ;	Stack space usage: 0 bytes.
      000000                         61 __delay_cycl:
                           000000    62 	Sspse_stm8$_delay_cycl$1 ==.
                           000000    63 	Sspse_stm8$_delay_cycl$2 ==.
                                     64 ;	inc/delay.h: 25: __asm__("nop\n nop\n"); 
                                     65 ;	genInline
      000000 9D               [ 1]   66 	nop
      000001 9D               [ 1]   67 	nop
                           000002    68 	Sspse_stm8$_delay_cycl$3 ==.
                                     69 ;	inc/delay.h: 26: do { 		// ASM: ldw X, #tick; lab$: decw X; tnzw X; jrne lab$
                                     70 ; genAssign
      000002 1E 03            [ 2]   71 	ldw	x, (0x03, sp)
                                     72 ; genLabel
      000004                         73 00101$:
                           000004    74 	Sspse_stm8$_delay_cycl$4 ==.
                           000004    75 	Sspse_stm8$_delay_cycl$5 ==.
                                     76 ;	inc/delay.h: 27: __ticks--;//      2c;                 1c;     2c    ; 1/2c   
                                     77 ; genMinus
      000004 5A               [ 2]   78 	decw	x
                           000005    79 	Sspse_stm8$_delay_cycl$6 ==.
                           000005    80 	Sspse_stm8$_delay_cycl$7 ==.
                                     81 ;	inc/delay.h: 28: } while ( __ticks );
                                     82 ; genIfx
      000005 5D               [ 2]   83 	tnzw	x
      000006 27 03            [ 1]   84 	jreq	00117$
      000008 CCr00r04         [ 2]   85 	jp	00101$
      00000B                         86 00117$:
                           00000B    87 	Sspse_stm8$_delay_cycl$8 ==.
                                     88 ;	inc/delay.h: 29: __asm__("nop\n");
                                     89 ;	genInline
      00000B 9D               [ 1]   90 	nop
                                     91 ; genLabel
      00000C                         92 00104$:
                           00000C    93 	Sspse_stm8$_delay_cycl$9 ==.
                                     94 ;	inc/delay.h: 39: }
                                     95 ; genEndFunction
                           00000C    96 	Sspse_stm8$_delay_cycl$10 ==.
                           00000C    97 	XFspse_stm8$_delay_cycl$0$0 ==.
      00000C 81               [ 4]   98 	ret
                           00000D    99 	Sspse_stm8$_delay_cycl$11 ==.
                           00000D   100 	Sspse_stm8$_delay_us$12 ==.
                                    101 ;	inc/delay.h: 41: static @inline void _delay_us( const unsigned short __us ){
                                    102 ; genLabel
                                    103 ;	-----------------------------------------
                                    104 ;	 function _delay_us
                                    105 ;	-----------------------------------------
                                    106 ;	Register assignment might be sub-optimal.
                                    107 ;	Stack space usage: 0 bytes.
      00000D                        108 __delay_us:
                           00000D   109 	Sspse_stm8$_delay_us$13 ==.
                           00000D   110 	Sspse_stm8$_delay_us$14 ==.
                                    111 ;	inc/delay.h: 42: _delay_cycl( (unsigned short)( T_COUNT(__us) ));
                                    112 ; genCast
                                    113 ; genAssign
      00000D 16 03            [ 2]  114 	ldw	y, (0x03, sp)
      00000F 5F               [ 1]  115 	clrw	x
                                    116 ; genIPush
      000010 90 89            [ 2]  117 	pushw	y
                           000012   118 	Sspse_stm8$_delay_us$15 ==.
      000012 89               [ 2]  119 	pushw	x
                           000013   120 	Sspse_stm8$_delay_us$16 ==.
                                    121 ; genIPush
      000013 4B 00            [ 1]  122 	push	#0x00
                           000015   123 	Sspse_stm8$_delay_us$17 ==.
      000015 4B 24            [ 1]  124 	push	#0x24
                           000017   125 	Sspse_stm8$_delay_us$18 ==.
      000017 4B F4            [ 1]  126 	push	#0xf4
                           000019   127 	Sspse_stm8$_delay_us$19 ==.
      000019 4B 00            [ 1]  128 	push	#0x00
                           00001B   129 	Sspse_stm8$_delay_us$20 ==.
                                    130 ; genCall
      00001B CDr00r00         [ 4]  131 	call	__mullong
      00001E 5B 08            [ 2]  132 	addw	sp, #8
                           000020   133 	Sspse_stm8$_delay_us$21 ==.
                           000020   134 	Sspse_stm8$_delay_us$22 ==.
                                    135 ; genCast
                                    136 ; genAssign
                                    137 ; genIPush
      000020 4B 40            [ 1]  138 	push	#0x40
                           000022   139 	Sspse_stm8$_delay_us$23 ==.
      000022 4B 42            [ 1]  140 	push	#0x42
                           000024   141 	Sspse_stm8$_delay_us$24 ==.
      000024 4B 0F            [ 1]  142 	push	#0x0f
                           000026   143 	Sspse_stm8$_delay_us$25 ==.
      000026 4B 00            [ 1]  144 	push	#0x00
                           000028   145 	Sspse_stm8$_delay_us$26 ==.
                                    146 ; genIPush
      000028 89               [ 2]  147 	pushw	x
                           000029   148 	Sspse_stm8$_delay_us$27 ==.
      000029 90 89            [ 2]  149 	pushw	y
                           00002B   150 	Sspse_stm8$_delay_us$28 ==.
                                    151 ; genCall
      00002B CDr00r00         [ 4]  152 	call	__divulong
      00002E 5B 08            [ 2]  153 	addw	sp, #8
                           000030   154 	Sspse_stm8$_delay_us$29 ==.
                           000030   155 	Sspse_stm8$_delay_us$30 ==.
                                    156 ; genRightShiftLiteral
      000030 90 54            [ 2]  157 	srlw	y
      000032 56               [ 2]  158 	rrcw	x
      000033 90 54            [ 2]  159 	srlw	y
      000035 56               [ 2]  160 	rrcw	x
      000036 90 54            [ 2]  161 	srlw	y
      000038 56               [ 2]  162 	rrcw	x
                                    163 ; genCast
                                    164 ; genAssign
                           000039   165 	Sspse_stm8$_delay_us$31 ==.
                                    166 ; genPlus
      000039 5C               [ 1]  167 	incw	x
                                    168 ; genAssign
                                    169 ; genAssign
                           00003A   170 	Sspse_stm8$_delay_us$32 ==.
                                    171 ; genAssign
                           00003A   172 	Sspse_stm8$_delay_us$33 ==.
                                    173 ;	inc/delay.h: 25: __asm__("nop\n nop\n"); 
                                    174 ;	genInline
      00003A 9D               [ 1]  175 	nop
      00003B 9D               [ 1]  176 	nop
                           00003C   177 	Sspse_stm8$_delay_us$34 ==.
                           00003C   178 	Sspse_stm8$_delay_us$35 ==.
                                    179 ;	inc/delay.h: 26: do { 		// ASM: ldw X, #tick; lab$: decw X; tnzw X; jrne lab$
                                    180 ; genAssign
                                    181 ; genLabel
      00003C                        182 00101$:
                           00003C   183 	Sspse_stm8$_delay_us$36 ==.
                                    184 ;	inc/delay.h: 27: __ticks--;//      2c;                 1c;     2c    ; 1/2c   
                                    185 ; genMinus
      00003C 5A               [ 2]  186 	decw	x
                           00003D   187 	Sspse_stm8$_delay_us$37 ==.
                                    188 ;	inc/delay.h: 28: } while ( __ticks );
                                    189 ; genIfx
      00003D 5D               [ 2]  190 	tnzw	x
      00003E 27 03            [ 1]  191 	jreq	00118$
      000040 CCr00r3C         [ 2]  192 	jp	00101$
      000043                        193 00118$:
                                    194 ;	inc/delay.h: 29: __asm__("nop\n");
                                    195 ;	genInline
      000043 9D               [ 1]  196 	nop
                           000044   197 	Sspse_stm8$_delay_us$38 ==.
                           000044   198 	Sspse_stm8$_delay_us$39 ==.
                                    199 ;	inc/delay.h: 42: _delay_cycl( (unsigned short)( T_COUNT(__us) ));
                                    200 ; genLabel
      000044                        201 00105$:
                           000044   202 	Sspse_stm8$_delay_us$40 ==.
                                    203 ;	inc/delay.h: 43: }
                                    204 ; genEndFunction
                           000044   205 	Sspse_stm8$_delay_us$41 ==.
                           000044   206 	XFspse_stm8$_delay_us$0$0 ==.
      000044 81               [ 4]  207 	ret
                           000045   208 	Sspse_stm8$_delay_us$42 ==.
                           000045   209 	Sspse_stm8$ADC_get$43 ==.
                                    210 ;	./src/spse_stm8.c: 10: uint16_t ADC_get(ADC2_Channel_TypeDef ADC2_Channel){
                                    211 ; genLabel
                                    212 ;	-----------------------------------------
                                    213 ;	 function ADC_get
                                    214 ;	-----------------------------------------
                                    215 ;	Register assignment is optimal.
                                    216 ;	Stack space usage: 0 bytes.
      000045                        217 _ADC_get:
                           000045   218 	Sspse_stm8$ADC_get$44 ==.
                           000045   219 	Sspse_stm8$ADC_get$45 ==.
                                    220 ;	./src/spse_stm8.c: 11: ADC2_Select_Channel(ADC2_Channel); // vybere kanál / nastavuje analogový multiplexer
                                    221 ; genIPush
      000045 7B 03            [ 1]  222 	ld	a, (0x03, sp)
      000047 88               [ 1]  223 	push	a
                           000048   224 	Sspse_stm8$ADC_get$46 ==.
                                    225 ; genCall
      000048 CDr00r69         [ 4]  226 	call	_ADC2_Select_Channel
      00004B 84               [ 1]  227 	pop	a
                           00004C   228 	Sspse_stm8$ADC_get$47 ==.
                           00004C   229 	Sspse_stm8$ADC_get$48 ==.
                                    230 ;	./src/spse_stm8.c: 12: ADC2->CR1 |= ADC2_CR1_ADON; // Start Conversion (ADON must be SET before => ADC must be enabled !)
                                    231 ; genPointerGet
      00004C C6 54 01         [ 1]  232 	ld	a, 0x5401
                                    233 ; genOr
      00004F AA 01            [ 1]  234 	or	a, #0x01
                                    235 ; genPointerSet
      000051 C7 54 01         [ 1]  236 	ld	0x5401, a
                           000054   237 	Sspse_stm8$ADC_get$49 ==.
                                    238 ;	./src/spse_stm8.c: 13: while(!(ADC2->CSR & ADC2_CSR_EOC)); // èeká na dokonèení pøevodu (End Of Conversion)
                                    239 ; genLabel
      000054                        240 00101$:
                                    241 ; genPointerGet
      000054 C6 54 00         [ 1]  242 	ld	a, 0x5400
                                    243 ; genAnd
      000057 4D               [ 1]  244 	tnz	a
      000058 2B 03            [ 1]  245 	jrmi	00116$
      00005A CCr00r54         [ 2]  246 	jp	00101$
      00005D                        247 00116$:
                                    248 ; skipping generated iCode
                           00005D   249 	Sspse_stm8$ADC_get$50 ==.
                                    250 ;	./src/spse_stm8.c: 14: ADC2->CSR &=~ADC2_CSR_EOC; // maže vlajku 
                                    251 ; genPointerGet
      00005D C6 54 00         [ 1]  252 	ld	a, 0x5400
                                    253 ; genAnd
      000060 A4 7F            [ 1]  254 	and	a, #0x7f
                                    255 ; genPointerSet
      000062 C7 54 00         [ 1]  256 	ld	0x5400, a
                           000065   257 	Sspse_stm8$ADC_get$51 ==.
                                    258 ;	./src/spse_stm8.c: 15: return ADC2_GetConversionValue(); // vrací výsledek
                                    259 ; genCall
      000065 CCr00r00         [ 2]  260 	jp	_ADC2_GetConversionValue
                                    261 ; genReturn
                                    262 ; genLabel
      000068                        263 00104$:
                           000068   264 	Sspse_stm8$ADC_get$52 ==.
                                    265 ;	./src/spse_stm8.c: 16: }
                                    266 ; genEndFunction
                           000068   267 	Sspse_stm8$ADC_get$53 ==.
                           000068   268 	XG$ADC_get$0$0 ==.
      000068 81               [ 4]  269 	ret
                           000069   270 	Sspse_stm8$ADC_get$54 ==.
                           000069   271 	Sspse_stm8$ADC2_Select_Channel$55 ==.
                                    272 ;	./src/spse_stm8.c: 21: void ADC2_Select_Channel(ADC2_Channel_TypeDef ADC2_Channel){
                                    273 ; genLabel
                                    274 ;	-----------------------------------------
                                    275 ;	 function ADC2_Select_Channel
                                    276 ;	-----------------------------------------
                                    277 ;	Register assignment is optimal.
                                    278 ;	Stack space usage: 1 bytes.
      000069                        279 _ADC2_Select_Channel:
                           000069   280 	Sspse_stm8$ADC2_Select_Channel$56 ==.
      000069 88               [ 1]  281 	push	a
                           00006A   282 	Sspse_stm8$ADC2_Select_Channel$57 ==.
                           00006A   283 	Sspse_stm8$ADC2_Select_Channel$58 ==.
                                    284 ;	./src/spse_stm8.c: 22: uint8_t tmp = (ADC2->CSR) & (~ADC2_CSR_CH);
                                    285 ; genPointerGet
      00006A C6 54 00         [ 1]  286 	ld	a, 0x5400
                                    287 ; genAnd
      00006D A4 F0            [ 1]  288 	and	a, #0xf0
      00006F 6B 01            [ 1]  289 	ld	(0x01, sp), a
                           000071   290 	Sspse_stm8$ADC2_Select_Channel$59 ==.
                                    291 ;	./src/spse_stm8.c: 23: tmp |= ADC2_Channel | ADC2_CSR_EOC;
                                    292 ; genOr
      000071 7B 04            [ 1]  293 	ld	a, (0x04, sp)
      000073 AA 80            [ 1]  294 	or	a, #0x80
                                    295 ; genOr
      000075 1A 01            [ 1]  296 	or	a, (0x01, sp)
                                    297 ; genAssign
                           000077   298 	Sspse_stm8$ADC2_Select_Channel$60 ==.
                                    299 ;	./src/spse_stm8.c: 24: ADC2->CSR = tmp;
                                    300 ; genPointerSet
      000077 C7 54 00         [ 1]  301 	ld	0x5400, a
                                    302 ; genLabel
      00007A                        303 00101$:
                           00007A   304 	Sspse_stm8$ADC2_Select_Channel$61 ==.
                                    305 ;	./src/spse_stm8.c: 25: }
                                    306 ; genEndFunction
      00007A 84               [ 1]  307 	pop	a
                           00007B   308 	Sspse_stm8$ADC2_Select_Channel$62 ==.
                           00007B   309 	Sspse_stm8$ADC2_Select_Channel$63 ==.
                           00007B   310 	XG$ADC2_Select_Channel$0$0 ==.
      00007B 81               [ 4]  311 	ret
                           00007C   312 	Sspse_stm8$ADC2_Select_Channel$64 ==.
                           00007C   313 	Sspse_stm8$ADC2_AlignConfig$65 ==.
                                    314 ;	./src/spse_stm8.c: 30: void ADC2_AlignConfig(ADC2_Align_TypeDef ADC2_Align){
                                    315 ; genLabel
                                    316 ;	-----------------------------------------
                                    317 ;	 function ADC2_AlignConfig
                                    318 ;	-----------------------------------------
                                    319 ;	Register assignment is optimal.
                                    320 ;	Stack space usage: 0 bytes.
      00007C                        321 _ADC2_AlignConfig:
                           00007C   322 	Sspse_stm8$ADC2_AlignConfig$66 ==.
                           00007C   323 	Sspse_stm8$ADC2_AlignConfig$67 ==.
                                    324 ;	./src/spse_stm8.c: 32: ADC2->CR2 |= (uint8_t)(ADC2_Align);
                                    325 ; genPointerGet
      00007C C6 54 02         [ 1]  326 	ld	a, 0x5402
                           00007F   327 	Sspse_stm8$ADC2_AlignConfig$68 ==.
                                    328 ;	./src/spse_stm8.c: 31: if(ADC2_Align){
                                    329 ; genIfx
      00007F 0D 03            [ 1]  330 	tnz	(0x03, sp)
      000081 26 03            [ 1]  331 	jrne	00111$
      000083 CCr00r8E         [ 2]  332 	jp	00102$
      000086                        333 00111$:
                           000086   334 	Sspse_stm8$ADC2_AlignConfig$69 ==.
                           000086   335 	Sspse_stm8$ADC2_AlignConfig$70 ==.
                                    336 ;	./src/spse_stm8.c: 32: ADC2->CR2 |= (uint8_t)(ADC2_Align);
                                    337 ; genOr
      000086 1A 03            [ 1]  338 	or	a, (0x03, sp)
                                    339 ; genPointerSet
      000088 C7 54 02         [ 1]  340 	ld	0x5402, a
                           00008B   341 	Sspse_stm8$ADC2_AlignConfig$71 ==.
                                    342 ; genGoto
      00008B CCr00r93         [ 2]  343 	jp	00104$
                                    344 ; genLabel
      00008E                        345 00102$:
                           00008E   346 	Sspse_stm8$ADC2_AlignConfig$72 ==.
                           00008E   347 	Sspse_stm8$ADC2_AlignConfig$73 ==.
                                    348 ;	./src/spse_stm8.c: 34: ADC2->CR2 &= (uint8_t)(~ADC2_CR2_ALIGN);
                                    349 ; genAnd
      00008E A4 F7            [ 1]  350 	and	a, #0xf7
                                    351 ; genPointerSet
      000090 C7 54 02         [ 1]  352 	ld	0x5402, a
                           000093   353 	Sspse_stm8$ADC2_AlignConfig$74 ==.
                                    354 ; genLabel
      000093                        355 00104$:
                           000093   356 	Sspse_stm8$ADC2_AlignConfig$75 ==.
                                    357 ;	./src/spse_stm8.c: 36: }
                                    358 ; genEndFunction
                           000093   359 	Sspse_stm8$ADC2_AlignConfig$76 ==.
                           000093   360 	XG$ADC2_AlignConfig$0$0 ==.
      000093 81               [ 4]  361 	ret
                           000094   362 	Sspse_stm8$ADC2_AlignConfig$77 ==.
                           000094   363 	Sspse_stm8$ADC2_Startup_Wait$78 ==.
                                    364 ;	./src/spse_stm8.c: 40: void ADC2_Startup_Wait(void){
                                    365 ; genLabel
                                    366 ;	-----------------------------------------
                                    367 ;	 function ADC2_Startup_Wait
                                    368 ;	-----------------------------------------
                                    369 ;	Register assignment is optimal.
                                    370 ;	Stack space usage: 0 bytes.
      000094                        371 _ADC2_Startup_Wait:
                           000094   372 	Sspse_stm8$ADC2_Startup_Wait$79 ==.
                           000094   373 	Sspse_stm8$ADC2_Startup_Wait$80 ==.
                                    374 ;	inc/delay.h: 42: _delay_cycl( (unsigned short)( T_COUNT(__us) ));
                                    375 ; genAssign
      000094 AE 00 0F         [ 2]  376 	ldw	x, #0x000f
                           000097   377 	Sspse_stm8$ADC2_Startup_Wait$81 ==.
                                    378 ;	inc/delay.h: 25: __asm__("nop\n nop\n"); 
                                    379 ;	genInline
      000097 9D               [ 1]  380 	nop
      000098 9D               [ 1]  381 	nop
                           000099   382 	Sspse_stm8$ADC2_Startup_Wait$82 ==.
                           000099   383 	Sspse_stm8$ADC2_Startup_Wait$83 ==.
                                    384 ;	inc/delay.h: 26: do { 		// ASM: ldw X, #tick; lab$: decw X; tnzw X; jrne lab$
                                    385 ; genAssign
                                    386 ; genLabel
      000099                        387 00101$:
                           000099   388 	Sspse_stm8$ADC2_Startup_Wait$84 ==.
                                    389 ;	inc/delay.h: 27: __ticks--;//      2c;                 1c;     2c    ; 1/2c   
                                    390 ; genMinus
      000099 5A               [ 2]  391 	decw	x
                           00009A   392 	Sspse_stm8$ADC2_Startup_Wait$85 ==.
                                    393 ;	inc/delay.h: 28: } while ( __ticks );
                                    394 ; genIfx
      00009A 5D               [ 2]  395 	tnzw	x
      00009B 27 03            [ 1]  396 	jreq	00119$
      00009D CCr00r99         [ 2]  397 	jp	00101$
      0000A0                        398 00119$:
                                    399 ;	inc/delay.h: 29: __asm__("nop\n");
                                    400 ;	genInline
      0000A0 9D               [ 1]  401 	nop
                           0000A1   402 	Sspse_stm8$ADC2_Startup_Wait$86 ==.
                           0000A1   403 	Sspse_stm8$ADC2_Startup_Wait$87 ==.
                                    404 ;	./src/spse_stm8.c: 41: _delay_us(ADC_TSTAB);
                                    405 ; genLabel
      0000A1                        406 00106$:
                           0000A1   407 	Sspse_stm8$ADC2_Startup_Wait$88 ==.
                                    408 ;	./src/spse_stm8.c: 42: }
                                    409 ; genEndFunction
                           0000A1   410 	Sspse_stm8$ADC2_Startup_Wait$89 ==.
                           0000A1   411 	XG$ADC2_Startup_Wait$0$0 ==.
      0000A1 81               [ 4]  412 	ret
                           0000A2   413 	Sspse_stm8$ADC2_Startup_Wait$90 ==.
                                    414 	.area CODE
                                    415 	.area CONST
                                    416 	.area INITIALIZER
                                    417 	.area CABS (ABS)
                                    418 
                                    419 	.area .debug_line (NOLOAD)
      000000 00 00 01 95            420 	.dw	0,Ldebug_line_end-Ldebug_line_start
      000004                        421 Ldebug_line_start:
      000004 00 02                  422 	.dw	2
      000006 00 00 00 81            423 	.dw	0,Ldebug_line_stmt-6-Ldebug_line_start
      00000A 01                     424 	.db	1
      00000B 01                     425 	.db	1
      00000C FB                     426 	.db	-5
      00000D 0F                     427 	.db	15
      00000E 0A                     428 	.db	10
      00000F 00                     429 	.db	0
      000010 01                     430 	.db	1
      000011 01                     431 	.db	1
      000012 01                     432 	.db	1
      000013 01                     433 	.db	1
      000014 00                     434 	.db	0
      000015 00                     435 	.db	0
      000016 00                     436 	.db	0
      000017 01                     437 	.db	1
      000018 43 3A 5C 50 72 6F 67   438 	.ascii "C:\Program Files\SDCC\bin\..\include\stm8"
             72 61 6D 20 46 69 6C
             65 73 5C 53 44 43 43
             08 69 6E 5C 2E 2E 5C
             69 6E 63 6C 75 64 65
             5C 73 74 6D 38
      000040 00                     439 	.db	0
      000041 43 3A 5C 50 72 6F 67   440 	.ascii "C:\Program Files\SDCC\bin\..\include"
             72 61 6D 20 46 69 6C
             65 73 5C 53 44 43 43
             08 69 6E 5C 2E 2E 5C
             69 6E 63 6C 75 64 65
      000064 00                     441 	.db	0
      000065 00                     442 	.db	0
      000066 69 6E 63 2F 64 65 6C   443 	.ascii "inc/delay.h"
             61 79 2E 68
      000071 00                     444 	.db	0
      000072 00                     445 	.uleb128	0
      000073 00                     446 	.uleb128	0
      000074 00                     447 	.uleb128	0
      000075 2E 2F 73 72 63 2F 73   448 	.ascii "./src/spse_stm8.c"
             70 73 65 5F 73 74 6D
             38 2E 63
      000086 00                     449 	.db	0
      000087 00                     450 	.uleb128	0
      000088 00                     451 	.uleb128	0
      000089 00                     452 	.uleb128	0
      00008A 00                     453 	.db	0
      00008B                        454 Ldebug_line_stmt:
      00008B 00                     455 	.db	0
      00008C 05                     456 	.uleb128	5
      00008D 02                     457 	.db	2
      00008E 00 00r00r00            458 	.dw	0,(Sspse_stm8$_delay_cycl$0)
      000092 03                     459 	.db	3
      000093 0D                     460 	.sleb128	13
      000094 01                     461 	.db	1
      000095 09                     462 	.db	9
      000096 00 00                  463 	.dw	Sspse_stm8$_delay_cycl$2-Sspse_stm8$_delay_cycl$0
      000098 03                     464 	.db	3
      000099 0B                     465 	.sleb128	11
      00009A 01                     466 	.db	1
      00009B 09                     467 	.db	9
      00009C 00 02                  468 	.dw	Sspse_stm8$_delay_cycl$3-Sspse_stm8$_delay_cycl$2
      00009E 03                     469 	.db	3
      00009F 01                     470 	.sleb128	1
      0000A0 01                     471 	.db	1
      0000A1 09                     472 	.db	9
      0000A2 00 02                  473 	.dw	Sspse_stm8$_delay_cycl$5-Sspse_stm8$_delay_cycl$3
      0000A4 03                     474 	.db	3
      0000A5 01                     475 	.sleb128	1
      0000A6 01                     476 	.db	1
      0000A7 09                     477 	.db	9
      0000A8 00 01                  478 	.dw	Sspse_stm8$_delay_cycl$7-Sspse_stm8$_delay_cycl$5
      0000AA 03                     479 	.db	3
      0000AB 01                     480 	.sleb128	1
      0000AC 01                     481 	.db	1
      0000AD 09                     482 	.db	9
      0000AE 00 06                  483 	.dw	Sspse_stm8$_delay_cycl$8-Sspse_stm8$_delay_cycl$7
      0000B0 03                     484 	.db	3
      0000B1 01                     485 	.sleb128	1
      0000B2 01                     486 	.db	1
      0000B3 09                     487 	.db	9
      0000B4 00 01                  488 	.dw	Sspse_stm8$_delay_cycl$9-Sspse_stm8$_delay_cycl$8
      0000B6 03                     489 	.db	3
      0000B7 0A                     490 	.sleb128	10
      0000B8 01                     491 	.db	1
      0000B9 09                     492 	.db	9
      0000BA 00 01                  493 	.dw	1+Sspse_stm8$_delay_cycl$10-Sspse_stm8$_delay_cycl$9
      0000BC 00                     494 	.db	0
      0000BD 01                     495 	.uleb128	1
      0000BE 01                     496 	.db	1
      0000BF 00                     497 	.db	0
      0000C0 05                     498 	.uleb128	5
      0000C1 02                     499 	.db	2
      0000C2 00 00r00r0D            500 	.dw	0,(Sspse_stm8$_delay_us$12)
      0000C6 03                     501 	.db	3
      0000C7 28                     502 	.sleb128	40
      0000C8 01                     503 	.db	1
      0000C9 09                     504 	.db	9
      0000CA 00 2F                  505 	.dw	Sspse_stm8$_delay_us$35-Sspse_stm8$_delay_us$12
      0000CC 03                     506 	.db	3
      0000CD 71                     507 	.sleb128	-15
      0000CE 01                     508 	.db	1
      0000CF 09                     509 	.db	9
      0000D0 00 08                  510 	.dw	Sspse_stm8$_delay_us$39-Sspse_stm8$_delay_us$35
      0000D2 03                     511 	.db	3
      0000D3 10                     512 	.sleb128	16
      0000D4 01                     513 	.db	1
      0000D5 09                     514 	.db	9
      0000D6 00 00                  515 	.dw	Sspse_stm8$_delay_us$40-Sspse_stm8$_delay_us$39
      0000D8 03                     516 	.db	3
      0000D9 01                     517 	.sleb128	1
      0000DA 01                     518 	.db	1
      0000DB 09                     519 	.db	9
      0000DC 00 01                  520 	.dw	1+Sspse_stm8$_delay_us$41-Sspse_stm8$_delay_us$40
      0000DE 00                     521 	.db	0
      0000DF 01                     522 	.uleb128	1
      0000E0 01                     523 	.db	1
      0000E1 04                     524 	.db	4
      0000E2 02                     525 	.uleb128	2
      0000E3 00                     526 	.db	0
      0000E4 05                     527 	.uleb128	5
      0000E5 02                     528 	.db	2
      0000E6 00 00r00r45            529 	.dw	0,(Sspse_stm8$ADC_get$43)
      0000EA 03                     530 	.db	3
      0000EB 09                     531 	.sleb128	9
      0000EC 01                     532 	.db	1
      0000ED 09                     533 	.db	9
      0000EE 00 00                  534 	.dw	Sspse_stm8$ADC_get$45-Sspse_stm8$ADC_get$43
      0000F0 03                     535 	.db	3
      0000F1 01                     536 	.sleb128	1
      0000F2 01                     537 	.db	1
      0000F3 09                     538 	.db	9
      0000F4 00 07                  539 	.dw	Sspse_stm8$ADC_get$48-Sspse_stm8$ADC_get$45
      0000F6 03                     540 	.db	3
      0000F7 01                     541 	.sleb128	1
      0000F8 01                     542 	.db	1
      0000F9 09                     543 	.db	9
      0000FA 00 08                  544 	.dw	Sspse_stm8$ADC_get$49-Sspse_stm8$ADC_get$48
      0000FC 03                     545 	.db	3
      0000FD 01                     546 	.sleb128	1
      0000FE 01                     547 	.db	1
      0000FF 09                     548 	.db	9
      000100 00 09                  549 	.dw	Sspse_stm8$ADC_get$50-Sspse_stm8$ADC_get$49
      000102 03                     550 	.db	3
      000103 01                     551 	.sleb128	1
      000104 01                     552 	.db	1
      000105 09                     553 	.db	9
      000106 00 08                  554 	.dw	Sspse_stm8$ADC_get$51-Sspse_stm8$ADC_get$50
      000108 03                     555 	.db	3
      000109 01                     556 	.sleb128	1
      00010A 01                     557 	.db	1
      00010B 09                     558 	.db	9
      00010C 00 03                  559 	.dw	Sspse_stm8$ADC_get$52-Sspse_stm8$ADC_get$51
      00010E 03                     560 	.db	3
      00010F 01                     561 	.sleb128	1
      000110 01                     562 	.db	1
      000111 09                     563 	.db	9
      000112 00 01                  564 	.dw	1+Sspse_stm8$ADC_get$53-Sspse_stm8$ADC_get$52
      000114 00                     565 	.db	0
      000115 01                     566 	.uleb128	1
      000116 01                     567 	.db	1
      000117 04                     568 	.db	4
      000118 02                     569 	.uleb128	2
      000119 00                     570 	.db	0
      00011A 05                     571 	.uleb128	5
      00011B 02                     572 	.db	2
      00011C 00 00r00r69            573 	.dw	0,(Sspse_stm8$ADC2_Select_Channel$55)
      000120 03                     574 	.db	3
      000121 14                     575 	.sleb128	20
      000122 01                     576 	.db	1
      000123 09                     577 	.db	9
      000124 00 01                  578 	.dw	Sspse_stm8$ADC2_Select_Channel$58-Sspse_stm8$ADC2_Select_Channel$55
      000126 03                     579 	.db	3
      000127 01                     580 	.sleb128	1
      000128 01                     581 	.db	1
      000129 09                     582 	.db	9
      00012A 00 07                  583 	.dw	Sspse_stm8$ADC2_Select_Channel$59-Sspse_stm8$ADC2_Select_Channel$58
      00012C 03                     584 	.db	3
      00012D 01                     585 	.sleb128	1
      00012E 01                     586 	.db	1
      00012F 09                     587 	.db	9
      000130 00 06                  588 	.dw	Sspse_stm8$ADC2_Select_Channel$60-Sspse_stm8$ADC2_Select_Channel$59
      000132 03                     589 	.db	3
      000133 01                     590 	.sleb128	1
      000134 01                     591 	.db	1
      000135 09                     592 	.db	9
      000136 00 03                  593 	.dw	Sspse_stm8$ADC2_Select_Channel$61-Sspse_stm8$ADC2_Select_Channel$60
      000138 03                     594 	.db	3
      000139 01                     595 	.sleb128	1
      00013A 01                     596 	.db	1
      00013B 09                     597 	.db	9
      00013C 00 02                  598 	.dw	1+Sspse_stm8$ADC2_Select_Channel$63-Sspse_stm8$ADC2_Select_Channel$61
      00013E 00                     599 	.db	0
      00013F 01                     600 	.uleb128	1
      000140 01                     601 	.db	1
      000141 04                     602 	.db	4
      000142 02                     603 	.uleb128	2
      000143 00                     604 	.db	0
      000144 05                     605 	.uleb128	5
      000145 02                     606 	.db	2
      000146 00 00r00r7C            607 	.dw	0,(Sspse_stm8$ADC2_AlignConfig$65)
      00014A 03                     608 	.db	3
      00014B 1D                     609 	.sleb128	29
      00014C 01                     610 	.db	1
      00014D 09                     611 	.db	9
      00014E 00 00                  612 	.dw	Sspse_stm8$ADC2_AlignConfig$67-Sspse_stm8$ADC2_AlignConfig$65
      000150 03                     613 	.db	3
      000151 02                     614 	.sleb128	2
      000152 01                     615 	.db	1
      000153 09                     616 	.db	9
      000154 00 03                  617 	.dw	Sspse_stm8$ADC2_AlignConfig$68-Sspse_stm8$ADC2_AlignConfig$67
      000156 03                     618 	.db	3
      000157 7F                     619 	.sleb128	-1
      000158 01                     620 	.db	1
      000159 09                     621 	.db	9
      00015A 00 07                  622 	.dw	Sspse_stm8$ADC2_AlignConfig$70-Sspse_stm8$ADC2_AlignConfig$68
      00015C 03                     623 	.db	3
      00015D 01                     624 	.sleb128	1
      00015E 01                     625 	.db	1
      00015F 09                     626 	.db	9
      000160 00 08                  627 	.dw	Sspse_stm8$ADC2_AlignConfig$73-Sspse_stm8$ADC2_AlignConfig$70
      000162 03                     628 	.db	3
      000163 02                     629 	.sleb128	2
      000164 01                     630 	.db	1
      000165 09                     631 	.db	9
      000166 00 05                  632 	.dw	Sspse_stm8$ADC2_AlignConfig$75-Sspse_stm8$ADC2_AlignConfig$73
      000168 03                     633 	.db	3
      000169 02                     634 	.sleb128	2
      00016A 01                     635 	.db	1
      00016B 09                     636 	.db	9
      00016C 00 01                  637 	.dw	1+Sspse_stm8$ADC2_AlignConfig$76-Sspse_stm8$ADC2_AlignConfig$75
      00016E 00                     638 	.db	0
      00016F 01                     639 	.uleb128	1
      000170 01                     640 	.db	1
      000171 04                     641 	.db	4
      000172 02                     642 	.uleb128	2
      000173 00                     643 	.db	0
      000174 05                     644 	.uleb128	5
      000175 02                     645 	.db	2
      000176 00 00r00r94            646 	.dw	0,(Sspse_stm8$ADC2_Startup_Wait$78)
      00017A 03                     647 	.db	3
      00017B 27                     648 	.sleb128	39
      00017C 01                     649 	.db	1
      00017D 04                     650 	.db	4
      00017E 01                     651 	.uleb128	1
      00017F 09                     652 	.db	9
      000180 00 05                  653 	.dw	Sspse_stm8$ADC2_Startup_Wait$83-Sspse_stm8$ADC2_Startup_Wait$78
      000182 03                     654 	.db	3
      000183 72                     655 	.sleb128	-14
      000184 01                     656 	.db	1
      000185 04                     657 	.db	4
      000186 02                     658 	.uleb128	2
      000187 09                     659 	.db	9
      000188 00 08                  660 	.dw	Sspse_stm8$ADC2_Startup_Wait$87-Sspse_stm8$ADC2_Startup_Wait$83
      00018A 03                     661 	.db	3
      00018B 0F                     662 	.sleb128	15
      00018C 01                     663 	.db	1
      00018D 09                     664 	.db	9
      00018E 00 00                  665 	.dw	Sspse_stm8$ADC2_Startup_Wait$88-Sspse_stm8$ADC2_Startup_Wait$87
      000190 03                     666 	.db	3
      000191 01                     667 	.sleb128	1
      000192 01                     668 	.db	1
      000193 09                     669 	.db	9
      000194 00 01                  670 	.dw	1+Sspse_stm8$ADC2_Startup_Wait$89-Sspse_stm8$ADC2_Startup_Wait$88
      000196 00                     671 	.db	0
      000197 01                     672 	.uleb128	1
      000198 01                     673 	.db	1
      000199                        674 Ldebug_line_end:
                                    675 
                                    676 	.area .debug_loc (NOLOAD)
      000000                        677 Ldebug_loc_start:
      000000 00 00r00r94            678 	.dw	0,(Sspse_stm8$ADC2_Startup_Wait$79)
      000004 00 00r00rA2            679 	.dw	0,(Sspse_stm8$ADC2_Startup_Wait$90)
      000008 00 02                  680 	.dw	2
      00000A 78                     681 	.db	120
      00000B 01                     682 	.sleb128	1
      00000C 00 00 00 00            683 	.dw	0,0
      000010 00 00 00 00            684 	.dw	0,0
      000014 00 00r00r7C            685 	.dw	0,(Sspse_stm8$ADC2_AlignConfig$66)
      000018 00 00r00r94            686 	.dw	0,(Sspse_stm8$ADC2_AlignConfig$77)
      00001C 00 02                  687 	.dw	2
      00001E 78                     688 	.db	120
      00001F 01                     689 	.sleb128	1
      000020 00 00 00 00            690 	.dw	0,0
      000024 00 00 00 00            691 	.dw	0,0
      000028 00 00r00r7B            692 	.dw	0,(Sspse_stm8$ADC2_Select_Channel$62)
      00002C 00 00r00r7C            693 	.dw	0,(Sspse_stm8$ADC2_Select_Channel$64)
      000030 00 02                  694 	.dw	2
      000032 78                     695 	.db	120
      000033 01                     696 	.sleb128	1
      000034 00 00r00r6A            697 	.dw	0,(Sspse_stm8$ADC2_Select_Channel$57)
      000038 00 00r00r7B            698 	.dw	0,(Sspse_stm8$ADC2_Select_Channel$62)
      00003C 00 02                  699 	.dw	2
      00003E 78                     700 	.db	120
      00003F 02                     701 	.sleb128	2
      000040 00 00r00r69            702 	.dw	0,(Sspse_stm8$ADC2_Select_Channel$56)
      000044 00 00r00r6A            703 	.dw	0,(Sspse_stm8$ADC2_Select_Channel$57)
      000048 00 02                  704 	.dw	2
      00004A 78                     705 	.db	120
      00004B 01                     706 	.sleb128	1
      00004C 00 00 00 00            707 	.dw	0,0
      000050 00 00 00 00            708 	.dw	0,0
      000054 00 00r00r4C            709 	.dw	0,(Sspse_stm8$ADC_get$47)
      000058 00 00r00r69            710 	.dw	0,(Sspse_stm8$ADC_get$54)
      00005C 00 02                  711 	.dw	2
      00005E 78                     712 	.db	120
      00005F 01                     713 	.sleb128	1
      000060 00 00r00r48            714 	.dw	0,(Sspse_stm8$ADC_get$46)
      000064 00 00r00r4C            715 	.dw	0,(Sspse_stm8$ADC_get$47)
      000068 00 02                  716 	.dw	2
      00006A 78                     717 	.db	120
      00006B 02                     718 	.sleb128	2
      00006C 00 00r00r45            719 	.dw	0,(Sspse_stm8$ADC_get$44)
      000070 00 00r00r48            720 	.dw	0,(Sspse_stm8$ADC_get$46)
      000074 00 02                  721 	.dw	2
      000076 78                     722 	.db	120
      000077 01                     723 	.sleb128	1
      000078 00 00 00 00            724 	.dw	0,0
      00007C 00 00 00 00            725 	.dw	0,0
      000080 00 00r00r30            726 	.dw	0,(Sspse_stm8$_delay_us$29)
      000084 00 00r00r45            727 	.dw	0,(Sspse_stm8$_delay_us$42)
      000088 00 02                  728 	.dw	2
      00008A 78                     729 	.db	120
      00008B 01                     730 	.sleb128	1
      00008C 00 00r00r2B            731 	.dw	0,(Sspse_stm8$_delay_us$28)
      000090 00 00r00r30            732 	.dw	0,(Sspse_stm8$_delay_us$29)
      000094 00 02                  733 	.dw	2
      000096 78                     734 	.db	120
      000097 09                     735 	.sleb128	9
      000098 00 00r00r29            736 	.dw	0,(Sspse_stm8$_delay_us$27)
      00009C 00 00r00r2B            737 	.dw	0,(Sspse_stm8$_delay_us$28)
      0000A0 00 02                  738 	.dw	2
      0000A2 78                     739 	.db	120
      0000A3 07                     740 	.sleb128	7
      0000A4 00 00r00r28            741 	.dw	0,(Sspse_stm8$_delay_us$26)
      0000A8 00 00r00r29            742 	.dw	0,(Sspse_stm8$_delay_us$27)
      0000AC 00 02                  743 	.dw	2
      0000AE 78                     744 	.db	120
      0000AF 05                     745 	.sleb128	5
      0000B0 00 00r00r26            746 	.dw	0,(Sspse_stm8$_delay_us$25)
      0000B4 00 00r00r28            747 	.dw	0,(Sspse_stm8$_delay_us$26)
      0000B8 00 02                  748 	.dw	2
      0000BA 78                     749 	.db	120
      0000BB 04                     750 	.sleb128	4
      0000BC 00 00r00r24            751 	.dw	0,(Sspse_stm8$_delay_us$24)
      0000C0 00 00r00r26            752 	.dw	0,(Sspse_stm8$_delay_us$25)
      0000C4 00 02                  753 	.dw	2
      0000C6 78                     754 	.db	120
      0000C7 03                     755 	.sleb128	3
      0000C8 00 00r00r22            756 	.dw	0,(Sspse_stm8$_delay_us$23)
      0000CC 00 00r00r24            757 	.dw	0,(Sspse_stm8$_delay_us$24)
      0000D0 00 02                  758 	.dw	2
      0000D2 78                     759 	.db	120
      0000D3 02                     760 	.sleb128	2
      0000D4 00 00r00r20            761 	.dw	0,(Sspse_stm8$_delay_us$21)
      0000D8 00 00r00r22            762 	.dw	0,(Sspse_stm8$_delay_us$23)
      0000DC 00 02                  763 	.dw	2
      0000DE 78                     764 	.db	120
      0000DF 01                     765 	.sleb128	1
      0000E0 00 00r00r1B            766 	.dw	0,(Sspse_stm8$_delay_us$20)
      0000E4 00 00r00r20            767 	.dw	0,(Sspse_stm8$_delay_us$21)
      0000E8 00 02                  768 	.dw	2
      0000EA 78                     769 	.db	120
      0000EB 09                     770 	.sleb128	9
      0000EC 00 00r00r19            771 	.dw	0,(Sspse_stm8$_delay_us$19)
      0000F0 00 00r00r1B            772 	.dw	0,(Sspse_stm8$_delay_us$20)
      0000F4 00 02                  773 	.dw	2
      0000F6 78                     774 	.db	120
      0000F7 08                     775 	.sleb128	8
      0000F8 00 00r00r17            776 	.dw	0,(Sspse_stm8$_delay_us$18)
      0000FC 00 00r00r19            777 	.dw	0,(Sspse_stm8$_delay_us$19)
      000100 00 02                  778 	.dw	2
      000102 78                     779 	.db	120
      000103 07                     780 	.sleb128	7
      000104 00 00r00r15            781 	.dw	0,(Sspse_stm8$_delay_us$17)
      000108 00 00r00r17            782 	.dw	0,(Sspse_stm8$_delay_us$18)
      00010C 00 02                  783 	.dw	2
      00010E 78                     784 	.db	120
      00010F 06                     785 	.sleb128	6
      000110 00 00r00r13            786 	.dw	0,(Sspse_stm8$_delay_us$16)
      000114 00 00r00r15            787 	.dw	0,(Sspse_stm8$_delay_us$17)
      000118 00 02                  788 	.dw	2
      00011A 78                     789 	.db	120
      00011B 05                     790 	.sleb128	5
      00011C 00 00r00r12            791 	.dw	0,(Sspse_stm8$_delay_us$15)
      000120 00 00r00r13            792 	.dw	0,(Sspse_stm8$_delay_us$16)
      000124 00 02                  793 	.dw	2
      000126 78                     794 	.db	120
      000127 03                     795 	.sleb128	3
      000128 00 00r00r0D            796 	.dw	0,(Sspse_stm8$_delay_us$13)
      00012C 00 00r00r12            797 	.dw	0,(Sspse_stm8$_delay_us$15)
      000130 00 02                  798 	.dw	2
      000132 78                     799 	.db	120
      000133 01                     800 	.sleb128	1
      000134 00 00 00 00            801 	.dw	0,0
      000138 00 00 00 00            802 	.dw	0,0
      00013C 00 00r00r00            803 	.dw	0,(Sspse_stm8$_delay_cycl$1)
      000140 00 00r00r0D            804 	.dw	0,(Sspse_stm8$_delay_cycl$11)
      000144 00 02                  805 	.dw	2
      000146 78                     806 	.db	120
      000147 01                     807 	.sleb128	1
      000148 00 00 00 00            808 	.dw	0,0
      00014C 00 00 00 00            809 	.dw	0,0
                                    810 
                                    811 	.area .debug_abbrev (NOLOAD)
      000000                        812 Ldebug_abbrev:
      000000 0D                     813 	.uleb128	13
      000001 0B                     814 	.uleb128	11
      000002 01                     815 	.db	1
      000003 00                     816 	.uleb128	0
      000004 00                     817 	.uleb128	0
      000005 03                     818 	.uleb128	3
      000006 05                     819 	.uleb128	5
      000007 00                     820 	.db	0
      000008 02                     821 	.uleb128	2
      000009 0A                     822 	.uleb128	10
      00000A 03                     823 	.uleb128	3
      00000B 08                     824 	.uleb128	8
      00000C 49                     825 	.uleb128	73
      00000D 13                     826 	.uleb128	19
      00000E 00                     827 	.uleb128	0
      00000F 00                     828 	.uleb128	0
      000010 02                     829 	.uleb128	2
      000011 2E                     830 	.uleb128	46
      000012 01                     831 	.db	1
      000013 01                     832 	.uleb128	1
      000014 13                     833 	.uleb128	19
      000015 03                     834 	.uleb128	3
      000016 08                     835 	.uleb128	8
      000017 11                     836 	.uleb128	17
      000018 01                     837 	.uleb128	1
      000019 12                     838 	.uleb128	18
      00001A 01                     839 	.uleb128	1
      00001B 3F                     840 	.uleb128	63
      00001C 0C                     841 	.uleb128	12
      00001D 40                     842 	.uleb128	64
      00001E 06                     843 	.uleb128	6
      00001F 00                     844 	.uleb128	0
      000020 00                     845 	.uleb128	0
      000021 0A                     846 	.uleb128	10
      000022 34                     847 	.uleb128	52
      000023 00                     848 	.db	0
      000024 02                     849 	.uleb128	2
      000025 0A                     850 	.uleb128	10
      000026 03                     851 	.uleb128	3
      000027 08                     852 	.uleb128	8
      000028 49                     853 	.uleb128	73
      000029 13                     854 	.uleb128	19
      00002A 00                     855 	.uleb128	0
      00002B 00                     856 	.uleb128	0
      00002C 0B                     857 	.uleb128	11
      00002D 2E                     858 	.uleb128	46
      00002E 01                     859 	.db	1
      00002F 01                     860 	.uleb128	1
      000030 13                     861 	.uleb128	19
      000031 03                     862 	.uleb128	3
      000032 08                     863 	.uleb128	8
      000033 11                     864 	.uleb128	17
      000034 01                     865 	.uleb128	1
      000035 12                     866 	.uleb128	18
      000036 01                     867 	.uleb128	1
      000037 3F                     868 	.uleb128	63
      000038 0C                     869 	.uleb128	12
      000039 40                     870 	.uleb128	64
      00003A 06                     871 	.uleb128	6
      00003B 49                     872 	.uleb128	73
      00003C 13                     873 	.uleb128	19
      00003D 00                     874 	.uleb128	0
      00003E 00                     875 	.uleb128	0
      00003F 0E                     876 	.uleb128	14
      000040 0B                     877 	.uleb128	11
      000041 01                     878 	.db	1
      000042 01                     879 	.uleb128	1
      000043 13                     880 	.uleb128	19
      000044 00                     881 	.uleb128	0
      000045 00                     882 	.uleb128	0
      000046 06                     883 	.uleb128	6
      000047 26                     884 	.uleb128	38
      000048 00                     885 	.db	0
      000049 49                     886 	.uleb128	73
      00004A 13                     887 	.uleb128	19
      00004B 00                     888 	.uleb128	0
      00004C 00                     889 	.uleb128	0
      00004D 01                     890 	.uleb128	1
      00004E 11                     891 	.uleb128	17
      00004F 01                     892 	.db	1
      000050 03                     893 	.uleb128	3
      000051 08                     894 	.uleb128	8
      000052 10                     895 	.uleb128	16
      000053 06                     896 	.uleb128	6
      000054 13                     897 	.uleb128	19
      000055 0B                     898 	.uleb128	11
      000056 25                     899 	.uleb128	37
      000057 08                     900 	.uleb128	8
      000058 00                     901 	.uleb128	0
      000059 00                     902 	.uleb128	0
      00005A 04                     903 	.uleb128	4
      00005B 0B                     904 	.uleb128	11
      00005C 00                     905 	.db	0
      00005D 11                     906 	.uleb128	17
      00005E 01                     907 	.uleb128	1
      00005F 12                     908 	.uleb128	18
      000060 01                     909 	.uleb128	1
      000061 00                     910 	.uleb128	0
      000062 00                     911 	.uleb128	0
      000063 07                     912 	.uleb128	7
      000064 0B                     913 	.uleb128	11
      000065 01                     914 	.db	1
      000066 11                     915 	.uleb128	17
      000067 01                     916 	.uleb128	1
      000068 12                     917 	.uleb128	18
      000069 01                     918 	.uleb128	1
      00006A 00                     919 	.uleb128	0
      00006B 00                     920 	.uleb128	0
      00006C 08                     921 	.uleb128	8
      00006D 0B                     922 	.uleb128	11
      00006E 01                     923 	.db	1
      00006F 01                     924 	.uleb128	1
      000070 13                     925 	.uleb128	19
      000071 11                     926 	.uleb128	17
      000072 01                     927 	.uleb128	1
      000073 00                     928 	.uleb128	0
      000074 00                     929 	.uleb128	0
      000075 0C                     930 	.uleb128	12
      000076 2E                     931 	.uleb128	46
      000077 01                     932 	.db	1
      000078 03                     933 	.uleb128	3
      000079 08                     934 	.uleb128	8
      00007A 11                     935 	.uleb128	17
      00007B 01                     936 	.uleb128	1
      00007C 12                     937 	.uleb128	18
      00007D 01                     938 	.uleb128	1
      00007E 3F                     939 	.uleb128	63
      00007F 0C                     940 	.uleb128	12
      000080 40                     941 	.uleb128	64
      000081 06                     942 	.uleb128	6
      000082 00                     943 	.uleb128	0
      000083 00                     944 	.uleb128	0
      000084 09                     945 	.uleb128	9
      000085 0B                     946 	.uleb128	11
      000086 01                     947 	.db	1
      000087 01                     948 	.uleb128	1
      000088 13                     949 	.uleb128	19
      000089 11                     950 	.uleb128	17
      00008A 01                     951 	.uleb128	1
      00008B 12                     952 	.uleb128	18
      00008C 01                     953 	.uleb128	1
      00008D 00                     954 	.uleb128	0
      00008E 00                     955 	.uleb128	0
      00008F 05                     956 	.uleb128	5
      000090 24                     957 	.uleb128	36
      000091 00                     958 	.db	0
      000092 03                     959 	.uleb128	3
      000093 08                     960 	.uleb128	8
      000094 0B                     961 	.uleb128	11
      000095 0B                     962 	.uleb128	11
      000096 3E                     963 	.uleb128	62
      000097 0B                     964 	.uleb128	11
      000098 00                     965 	.uleb128	0
      000099 00                     966 	.uleb128	0
      00009A 00                     967 	.uleb128	0
                                    968 
                                    969 	.area .debug_info (NOLOAD)
      000000 00 00 02 7D            970 	.dw	0,Ldebug_info_end-Ldebug_info_start
      000004                        971 Ldebug_info_start:
      000004 00 02                  972 	.dw	2
      000006 00 00r00r00            973 	.dw	0,(Ldebug_abbrev)
      00000A 04                     974 	.db	4
      00000B 01                     975 	.uleb128	1
      00000C 2E 2F 73 72 63 2F 73   976 	.ascii "./src/spse_stm8.c"
             70 73 65 5F 73 74 6D
             38 2E 63
      00001D 00                     977 	.db	0
      00001E 00 00r00r00            978 	.dw	0,(Ldebug_line_start+-4)
      000022 01                     979 	.db	1
      000023 53 44 43 43 20 76 65   980 	.ascii "SDCC version 4.1.0 #12072"
             72 73 69 6F 6E 20 34
             2E 31 2E 30 20 23 31
             32 30 37 32
      00003C 00                     981 	.db	0
      00003D 02                     982 	.uleb128	2
      00003E 00 00 00 75            983 	.dw	0,117
      000042 5F 64 65 6C 61 79 5F   984 	.ascii "_delay_cycl"
             63 79 63 6C
      00004D 00                     985 	.db	0
      00004E 00 00r00r00            986 	.dw	0,(__delay_cycl)
      000052 00 00r00r0D            987 	.dw	0,(XFspse_stm8$_delay_cycl$0$0+1)
      000056 00                     988 	.db	0
      000057 00 00r01r3C            989 	.dw	0,(Ldebug_loc_start+316)
      00005B 03                     990 	.uleb128	3
      00005C 02                     991 	.db	2
      00005D 91                     992 	.db	145
      00005E 02                     993 	.sleb128	2
      00005F 5F 5F 74 69 63 6B 73   994 	.ascii "__ticks"
      000066 00                     995 	.db	0
      000067 00 00 00 75            996 	.dw	0,117
      00006B 04                     997 	.uleb128	4
      00006C 00 00r00r04            998 	.dw	0,(Sspse_stm8$_delay_cycl$4)
      000070 00 00r00r05            999 	.dw	0,(Sspse_stm8$_delay_cycl$6)
      000074 00                    1000 	.uleb128	0
      000075 05                    1001 	.uleb128	5
      000076 75 6E 73 69 67 6E 65  1002 	.ascii "unsigned int"
             64 20 69 6E 74
      000082 00                    1003 	.db	0
      000083 02                    1004 	.db	2
      000084 07                    1005 	.db	7
      000085 02                    1006 	.uleb128	2
      000086 00 00 01 0C           1007 	.dw	0,268
      00008A 5F 64 65 6C 61 79 5F  1008 	.ascii "_delay_us"
             75 73
      000093 00                    1009 	.db	0
      000094 00 00r00r0D           1010 	.dw	0,(__delay_us)
      000098 00 00r00r45           1011 	.dw	0,(XFspse_stm8$_delay_us$0$0+1)
      00009C 00                    1012 	.db	0
      00009D 00 00r00r80           1013 	.dw	0,(Ldebug_loc_start+128)
      0000A1 06                    1014 	.uleb128	6
      0000A2 00 00 00 75           1015 	.dw	0,117
      0000A6 03                    1016 	.uleb128	3
      0000A7 02                    1017 	.db	2
      0000A8 91                    1018 	.db	145
      0000A9 02                    1019 	.sleb128	2
      0000AA 5F 5F 75 73           1020 	.ascii "__us"
      0000AE 00                    1021 	.db	0
      0000AF 00 00 00 A1           1022 	.dw	0,161
      0000B3 07                    1023 	.uleb128	7
      0000B4 00 00r00r0D           1024 	.dw	0,(Sspse_stm8$_delay_us$14)
      0000B8 00 00r00r39           1025 	.dw	0,(Sspse_stm8$_delay_us$31)
      0000BC 08                    1026 	.uleb128	8
      0000BD 00 00 00 F1           1027 	.dw	0,241
      0000C1 00 00r00r3A           1028 	.dw	0,(Sspse_stm8$_delay_us$32)
      0000C5 09                    1029 	.uleb128	9
      0000C6 00 00 00 DC           1030 	.dw	0,220
      0000CA 00 00r00r3A           1031 	.dw	0,(Sspse_stm8$_delay_us$33)
      0000CE 00 00r00r44           1032 	.dw	0,(Sspse_stm8$_delay_us$38)
      0000D2 04                    1033 	.uleb128	4
      0000D3 00 00r00r3C           1034 	.dw	0,(Sspse_stm8$_delay_us$36)
      0000D7 00 00r00r3D           1035 	.dw	0,(Sspse_stm8$_delay_us$37)
      0000DB 00                    1036 	.uleb128	0
      0000DC 0A                    1037 	.uleb128	10
      0000DD 06                    1038 	.db	6
      0000DE 52                    1039 	.db	82
      0000DF 93                    1040 	.db	147
      0000E0 01                    1041 	.uleb128	1
      0000E1 51                    1042 	.db	81
      0000E2 93                    1043 	.db	147
      0000E3 01                    1044 	.uleb128	1
      0000E4 5F 5F 74 69 63 6B 73  1045 	.ascii "__ticks"
      0000EB 00                    1046 	.db	0
      0000EC 00 00 00 75           1047 	.dw	0,117
      0000F0 00                    1048 	.uleb128	0
      0000F1 0A                    1049 	.uleb128	10
      0000F2 06                    1050 	.db	6
      0000F3 52                    1051 	.db	82
      0000F4 93                    1052 	.db	147
      0000F5 01                    1053 	.uleb128	1
      0000F6 51                    1054 	.db	81
      0000F7 93                    1055 	.db	147
      0000F8 01                    1056 	.uleb128	1
      0000F9 5F 5F 31 33 31 30 37  1057 	.ascii "__1310720010"
             32 30 30 31 30
      000105 00                    1058 	.db	0
      000106 00 00 00 75           1059 	.dw	0,117
      00010A 00                    1060 	.uleb128	0
      00010B 00                    1061 	.uleb128	0
      00010C 0B                    1062 	.uleb128	11
      00010D 00 00 01 40           1063 	.dw	0,320
      000111 41 44 43 5F 67 65 74  1064 	.ascii "ADC_get"
      000118 00                    1065 	.db	0
      000119 00 00r00r45           1066 	.dw	0,(_ADC_get)
      00011D 00 00r00r69           1067 	.dw	0,(XG$ADC_get$0$0+1)
      000121 01                    1068 	.db	1
      000122 00 00r00r54           1069 	.dw	0,(Ldebug_loc_start+84)
      000126 00 00 00 75           1070 	.dw	0,117
      00012A 03                    1071 	.uleb128	3
      00012B 02                    1072 	.db	2
      00012C 91                    1073 	.db	145
      00012D 02                    1074 	.sleb128	2
      00012E 41 44 43 32 5F 43 68  1075 	.ascii "ADC2_Channel"
             61 6E 6E 65 6C
      00013A 00                    1076 	.db	0
      00013B 00 00 01 40           1077 	.dw	0,320
      00013F 00                    1078 	.uleb128	0
      000140 05                    1079 	.uleb128	5
      000141 75 6E 73 69 67 6E 65  1080 	.ascii "unsigned char"
             64 20 63 68 61 72
      00014E 00                    1081 	.db	0
      00014F 01                    1082 	.db	1
      000150 08                    1083 	.db	8
      000151 02                    1084 	.uleb128	2
      000152 00 00 01 98           1085 	.dw	0,408
      000156 41 44 43 32 5F 53 65  1086 	.ascii "ADC2_Select_Channel"
             6C 65 63 74 5F 43 68
             61 6E 6E 65 6C
      000169 00                    1087 	.db	0
      00016A 00 00r00r69           1088 	.dw	0,(_ADC2_Select_Channel)
      00016E 00 00r00r7C           1089 	.dw	0,(XG$ADC2_Select_Channel$0$0+1)
      000172 01                    1090 	.db	1
      000173 00 00r00r28           1091 	.dw	0,(Ldebug_loc_start+40)
      000177 03                    1092 	.uleb128	3
      000178 02                    1093 	.db	2
      000179 91                    1094 	.db	145
      00017A 02                    1095 	.sleb128	2
      00017B 41 44 43 32 5F 43 68  1096 	.ascii "ADC2_Channel"
             61 6E 6E 65 6C
      000187 00                    1097 	.db	0
      000188 00 00 01 40           1098 	.dw	0,320
      00018C 0A                    1099 	.uleb128	10
      00018D 01                    1100 	.db	1
      00018E 50                    1101 	.db	80
      00018F 74 6D 70              1102 	.ascii "tmp"
      000192 00                    1103 	.db	0
      000193 00 00 01 40           1104 	.dw	0,320
      000197 00                    1105 	.uleb128	0
      000198 02                    1106 	.uleb128	2
      000199 00 00 01 E1           1107 	.dw	0,481
      00019D 41 44 43 32 5F 41 6C  1108 	.ascii "ADC2_AlignConfig"
             69 67 6E 43 6F 6E 66
             69 67
      0001AD 00                    1109 	.db	0
      0001AE 00 00r00r7C           1110 	.dw	0,(_ADC2_AlignConfig)
      0001B2 00 00r00r94           1111 	.dw	0,(XG$ADC2_AlignConfig$0$0+1)
      0001B6 01                    1112 	.db	1
      0001B7 00 00r00r14           1113 	.dw	0,(Ldebug_loc_start+20)
      0001BB 03                    1114 	.uleb128	3
      0001BC 02                    1115 	.db	2
      0001BD 91                    1116 	.db	145
      0001BE 02                    1117 	.sleb128	2
      0001BF 41 44 43 32 5F 41 6C  1118 	.ascii "ADC2_Align"
             69 67 6E
      0001C9 00                    1119 	.db	0
      0001CA 00 00 01 40           1120 	.dw	0,320
      0001CE 04                    1121 	.uleb128	4
      0001CF 00 00r00r86           1122 	.dw	0,(Sspse_stm8$ADC2_AlignConfig$69)
      0001D3 00 00r00r8B           1123 	.dw	0,(Sspse_stm8$ADC2_AlignConfig$71)
      0001D7 04                    1124 	.uleb128	4
      0001D8 00 00r00r8E           1125 	.dw	0,(Sspse_stm8$ADC2_AlignConfig$72)
      0001DC 00 00r00r93           1126 	.dw	0,(Sspse_stm8$ADC2_AlignConfig$74)
      0001E0 00                    1127 	.uleb128	0
      0001E1 0C                    1128 	.uleb128	12
      0001E2 41 44 43 32 5F 53 74  1129 	.ascii "ADC2_Startup_Wait"
             61 72 74 75 70 5F 57
             61 69 74
      0001F3 00                    1130 	.db	0
      0001F4 00 00r00r94           1131 	.dw	0,(_ADC2_Startup_Wait)
      0001F8 00 00r00rA2           1132 	.dw	0,(XG$ADC2_Startup_Wait$0$0+1)
      0001FC 01                    1133 	.db	1
      0001FD 00 00r00r00           1134 	.dw	0,(Ldebug_loc_start)
      000201 0D                    1135 	.uleb128	13
      000202 0E                    1136 	.uleb128	14
      000203 00 00 02 67           1137 	.dw	0,615
      000207 0E                    1138 	.uleb128	14
      000208 00 00 02 59           1139 	.dw	0,601
      00020C 0D                    1140 	.uleb128	13
      00020D 08                    1141 	.uleb128	8
      00020E 00 00 02 42           1142 	.dw	0,578
      000212 00 00r00r94           1143 	.dw	0,(Sspse_stm8$ADC2_Startup_Wait$80)
      000216 09                    1144 	.uleb128	9
      000217 00 00 02 2D           1145 	.dw	0,557
      00021B 00 00r00r97           1146 	.dw	0,(Sspse_stm8$ADC2_Startup_Wait$81)
      00021F 00 00r00rA1           1147 	.dw	0,(Sspse_stm8$ADC2_Startup_Wait$86)
      000223 04                    1148 	.uleb128	4
      000224 00 00r00r99           1149 	.dw	0,(Sspse_stm8$ADC2_Startup_Wait$84)
      000228 00 00r00r9A           1150 	.dw	0,(Sspse_stm8$ADC2_Startup_Wait$85)
      00022C 00                    1151 	.uleb128	0
      00022D 0A                    1152 	.uleb128	10
      00022E 06                    1153 	.db	6
      00022F 52                    1154 	.db	82
      000230 93                    1155 	.db	147
      000231 01                    1156 	.uleb128	1
      000232 51                    1157 	.db	81
      000233 93                    1158 	.db	147
      000234 01                    1159 	.uleb128	1
      000235 5F 5F 74 69 63 6B 73  1160 	.ascii "__ticks"
      00023C 00                    1161 	.db	0
      00023D 00 00 00 75           1162 	.dw	0,117
      000241 00                    1163 	.uleb128	0
      000242 0A                    1164 	.uleb128	10
      000243 02                    1165 	.db	2
      000244 91                    1166 	.db	145
      000245 00                    1167 	.sleb128	0
      000246 5F 5F 31 33 31 30 37  1168 	.ascii "__1310720010"
             32 30 30 31 30
      000252 00                    1169 	.db	0
      000253 00 00 00 75           1170 	.dw	0,117
      000257 00                    1171 	.uleb128	0
      000258 00                    1172 	.uleb128	0
      000259 0A                    1173 	.uleb128	10
      00025A 02                    1174 	.db	2
      00025B 91                    1175 	.db	145
      00025C 00                    1176 	.sleb128	0
      00025D 5F 5F 75 73           1177 	.ascii "__us"
      000261 00                    1178 	.db	0
      000262 00 00 00 A1           1179 	.dw	0,161
      000266 00                    1180 	.uleb128	0
      000267 0A                    1181 	.uleb128	10
      000268 02                    1182 	.db	2
      000269 91                    1183 	.db	145
      00026A 00                    1184 	.sleb128	0
      00026B 5F 5F 31 33 31 30 37  1185 	.ascii "__1310720012"
             32 30 30 31 32
      000277 00                    1186 	.db	0
      000278 00 00 00 A1           1187 	.dw	0,161
      00027C 00                    1188 	.uleb128	0
      00027D 00                    1189 	.uleb128	0
      00027E 00                    1190 	.uleb128	0
      00027F 00                    1191 	.uleb128	0
      000280 00                    1192 	.uleb128	0
      000281                       1193 Ldebug_info_end:
                                   1194 
                                   1195 	.area .debug_pubnames (NOLOAD)
      000000 00 00 00 5D           1196 	.dw	0,Ldebug_pubnames_end-Ldebug_pubnames_start
      000004                       1197 Ldebug_pubnames_start:
      000004 00 02                 1198 	.dw	2
      000006 00 00r00r00           1199 	.dw	0,(Ldebug_info_start-4)
      00000A 00 00 02 81           1200 	.dw	0,4+Ldebug_info_end-Ldebug_info_start
      00000E 00 00 01 0C           1201 	.dw	0,268
      000012 41 44 43 5F 67 65 74  1202 	.ascii "ADC_get"
      000019 00                    1203 	.db	0
      00001A 00 00 01 51           1204 	.dw	0,337
      00001E 41 44 43 32 5F 53 65  1205 	.ascii "ADC2_Select_Channel"
             6C 65 63 74 5F 43 68
             61 6E 6E 65 6C
      000031 00                    1206 	.db	0
      000032 00 00 01 98           1207 	.dw	0,408
      000036 41 44 43 32 5F 41 6C  1208 	.ascii "ADC2_AlignConfig"
             69 67 6E 43 6F 6E 66
             69 67
      000046 00                    1209 	.db	0
      000047 00 00 01 E1           1210 	.dw	0,481
      00004B 41 44 43 32 5F 53 74  1211 	.ascii "ADC2_Startup_Wait"
             61 72 74 75 70 5F 57
             61 69 74
      00005C 00                    1212 	.db	0
      00005D 00 00 00 00           1213 	.dw	0,0
      000061                       1214 Ldebug_pubnames_end:
                                   1215 
                                   1216 	.area .debug_frame (NOLOAD)
      000000 00 00                 1217 	.dw	0
      000002 00 0E                 1218 	.dw	Ldebug_CIE0_end-Ldebug_CIE0_start
      000004                       1219 Ldebug_CIE0_start:
      000004 FF FF                 1220 	.dw	0xffff
      000006 FF FF                 1221 	.dw	0xffff
      000008 01                    1222 	.db	1
      000009 00                    1223 	.db	0
      00000A 01                    1224 	.uleb128	1
      00000B 7F                    1225 	.sleb128	-1
      00000C 09                    1226 	.db	9
      00000D 0C                    1227 	.db	12
      00000E 08                    1228 	.uleb128	8
      00000F 02                    1229 	.uleb128	2
      000010 89                    1230 	.db	137
      000011 01                    1231 	.uleb128	1
      000012                       1232 Ldebug_CIE0_end:
      000012 00 00 00 13           1233 	.dw	0,19
      000016 00 00r00r00           1234 	.dw	0,(Ldebug_CIE0_start-4)
      00001A 00 00r00r94           1235 	.dw	0,(Sspse_stm8$ADC2_Startup_Wait$79)	;initial loc
      00001E 00 00 00 0E           1236 	.dw	0,Sspse_stm8$ADC2_Startup_Wait$90-Sspse_stm8$ADC2_Startup_Wait$79
      000022 01                    1237 	.db	1
      000023 00 00r00r94           1238 	.dw	0,(Sspse_stm8$ADC2_Startup_Wait$79)
      000027 0E                    1239 	.db	14
      000028 02                    1240 	.uleb128	2
                                   1241 
                                   1242 	.area .debug_frame (NOLOAD)
      000029 00 00                 1243 	.dw	0
      00002B 00 0E                 1244 	.dw	Ldebug_CIE1_end-Ldebug_CIE1_start
      00002D                       1245 Ldebug_CIE1_start:
      00002D FF FF                 1246 	.dw	0xffff
      00002F FF FF                 1247 	.dw	0xffff
      000031 01                    1248 	.db	1
      000032 00                    1249 	.db	0
      000033 01                    1250 	.uleb128	1
      000034 7F                    1251 	.sleb128	-1
      000035 09                    1252 	.db	9
      000036 0C                    1253 	.db	12
      000037 08                    1254 	.uleb128	8
      000038 02                    1255 	.uleb128	2
      000039 89                    1256 	.db	137
      00003A 01                    1257 	.uleb128	1
      00003B                       1258 Ldebug_CIE1_end:
      00003B 00 00 00 13           1259 	.dw	0,19
      00003F 00 00r00r29           1260 	.dw	0,(Ldebug_CIE1_start-4)
      000043 00 00r00r7C           1261 	.dw	0,(Sspse_stm8$ADC2_AlignConfig$66)	;initial loc
      000047 00 00 00 18           1262 	.dw	0,Sspse_stm8$ADC2_AlignConfig$77-Sspse_stm8$ADC2_AlignConfig$66
      00004B 01                    1263 	.db	1
      00004C 00 00r00r7C           1264 	.dw	0,(Sspse_stm8$ADC2_AlignConfig$66)
      000050 0E                    1265 	.db	14
      000051 02                    1266 	.uleb128	2
                                   1267 
                                   1268 	.area .debug_frame (NOLOAD)
      000052 00 00                 1269 	.dw	0
      000054 00 0E                 1270 	.dw	Ldebug_CIE2_end-Ldebug_CIE2_start
      000056                       1271 Ldebug_CIE2_start:
      000056 FF FF                 1272 	.dw	0xffff
      000058 FF FF                 1273 	.dw	0xffff
      00005A 01                    1274 	.db	1
      00005B 00                    1275 	.db	0
      00005C 01                    1276 	.uleb128	1
      00005D 7F                    1277 	.sleb128	-1
      00005E 09                    1278 	.db	9
      00005F 0C                    1279 	.db	12
      000060 08                    1280 	.uleb128	8
      000061 02                    1281 	.uleb128	2
      000062 89                    1282 	.db	137
      000063 01                    1283 	.uleb128	1
      000064                       1284 Ldebug_CIE2_end:
      000064 00 00 00 21           1285 	.dw	0,33
      000068 00 00r00r52           1286 	.dw	0,(Ldebug_CIE2_start-4)
      00006C 00 00r00r69           1287 	.dw	0,(Sspse_stm8$ADC2_Select_Channel$56)	;initial loc
      000070 00 00 00 13           1288 	.dw	0,Sspse_stm8$ADC2_Select_Channel$64-Sspse_stm8$ADC2_Select_Channel$56
      000074 01                    1289 	.db	1
      000075 00 00r00r69           1290 	.dw	0,(Sspse_stm8$ADC2_Select_Channel$56)
      000079 0E                    1291 	.db	14
      00007A 02                    1292 	.uleb128	2
      00007B 01                    1293 	.db	1
      00007C 00 00r00r6A           1294 	.dw	0,(Sspse_stm8$ADC2_Select_Channel$57)
      000080 0E                    1295 	.db	14
      000081 03                    1296 	.uleb128	3
      000082 01                    1297 	.db	1
      000083 00 00r00r7B           1298 	.dw	0,(Sspse_stm8$ADC2_Select_Channel$62)
      000087 0E                    1299 	.db	14
      000088 02                    1300 	.uleb128	2
                                   1301 
                                   1302 	.area .debug_frame (NOLOAD)
      000089 00 00                 1303 	.dw	0
      00008B 00 0E                 1304 	.dw	Ldebug_CIE3_end-Ldebug_CIE3_start
      00008D                       1305 Ldebug_CIE3_start:
      00008D FF FF                 1306 	.dw	0xffff
      00008F FF FF                 1307 	.dw	0xffff
      000091 01                    1308 	.db	1
      000092 00                    1309 	.db	0
      000093 01                    1310 	.uleb128	1
      000094 7F                    1311 	.sleb128	-1
      000095 09                    1312 	.db	9
      000096 0C                    1313 	.db	12
      000097 08                    1314 	.uleb128	8
      000098 02                    1315 	.uleb128	2
      000099 89                    1316 	.db	137
      00009A 01                    1317 	.uleb128	1
      00009B                       1318 Ldebug_CIE3_end:
      00009B 00 00 00 21           1319 	.dw	0,33
      00009F 00 00r00r89           1320 	.dw	0,(Ldebug_CIE3_start-4)
      0000A3 00 00r00r45           1321 	.dw	0,(Sspse_stm8$ADC_get$44)	;initial loc
      0000A7 00 00 00 24           1322 	.dw	0,Sspse_stm8$ADC_get$54-Sspse_stm8$ADC_get$44
      0000AB 01                    1323 	.db	1
      0000AC 00 00r00r45           1324 	.dw	0,(Sspse_stm8$ADC_get$44)
      0000B0 0E                    1325 	.db	14
      0000B1 02                    1326 	.uleb128	2
      0000B2 01                    1327 	.db	1
      0000B3 00 00r00r48           1328 	.dw	0,(Sspse_stm8$ADC_get$46)
      0000B7 0E                    1329 	.db	14
      0000B8 03                    1330 	.uleb128	3
      0000B9 01                    1331 	.db	1
      0000BA 00 00r00r4C           1332 	.dw	0,(Sspse_stm8$ADC_get$47)
      0000BE 0E                    1333 	.db	14
      0000BF 02                    1334 	.uleb128	2
                                   1335 
                                   1336 	.area .debug_frame (NOLOAD)
      0000C0 00 00                 1337 	.dw	0
      0000C2 00 0E                 1338 	.dw	Ldebug_CIE4_end-Ldebug_CIE4_start
      0000C4                       1339 Ldebug_CIE4_start:
      0000C4 FF FF                 1340 	.dw	0xffff
      0000C6 FF FF                 1341 	.dw	0xffff
      0000C8 01                    1342 	.db	1
      0000C9 00                    1343 	.db	0
      0000CA 01                    1344 	.uleb128	1
      0000CB 7F                    1345 	.sleb128	-1
      0000CC 09                    1346 	.db	9
      0000CD 0C                    1347 	.db	12
      0000CE 08                    1348 	.uleb128	8
      0000CF 02                    1349 	.uleb128	2
      0000D0 89                    1350 	.db	137
      0000D1 01                    1351 	.uleb128	1
      0000D2                       1352 Ldebug_CIE4_end:
      0000D2 00 00 00 75           1353 	.dw	0,117
      0000D6 00 00r00rC0           1354 	.dw	0,(Ldebug_CIE4_start-4)
      0000DA 00 00r00r0D           1355 	.dw	0,(Sspse_stm8$_delay_us$13)	;initial loc
      0000DE 00 00 00 38           1356 	.dw	0,Sspse_stm8$_delay_us$42-Sspse_stm8$_delay_us$13
      0000E2 01                    1357 	.db	1
      0000E3 00 00r00r0D           1358 	.dw	0,(Sspse_stm8$_delay_us$13)
      0000E7 0E                    1359 	.db	14
      0000E8 02                    1360 	.uleb128	2
      0000E9 01                    1361 	.db	1
      0000EA 00 00r00r12           1362 	.dw	0,(Sspse_stm8$_delay_us$15)
      0000EE 0E                    1363 	.db	14
      0000EF 04                    1364 	.uleb128	4
      0000F0 01                    1365 	.db	1
      0000F1 00 00r00r13           1366 	.dw	0,(Sspse_stm8$_delay_us$16)
      0000F5 0E                    1367 	.db	14
      0000F6 06                    1368 	.uleb128	6
      0000F7 01                    1369 	.db	1
      0000F8 00 00r00r15           1370 	.dw	0,(Sspse_stm8$_delay_us$17)
      0000FC 0E                    1371 	.db	14
      0000FD 07                    1372 	.uleb128	7
      0000FE 01                    1373 	.db	1
      0000FF 00 00r00r17           1374 	.dw	0,(Sspse_stm8$_delay_us$18)
      000103 0E                    1375 	.db	14
      000104 08                    1376 	.uleb128	8
      000105 01                    1377 	.db	1
      000106 00 00r00r19           1378 	.dw	0,(Sspse_stm8$_delay_us$19)
      00010A 0E                    1379 	.db	14
      00010B 09                    1380 	.uleb128	9
      00010C 01                    1381 	.db	1
      00010D 00 00r00r1B           1382 	.dw	0,(Sspse_stm8$_delay_us$20)
      000111 0E                    1383 	.db	14
      000112 0A                    1384 	.uleb128	10
      000113 01                    1385 	.db	1
      000114 00 00r00r20           1386 	.dw	0,(Sspse_stm8$_delay_us$21)
      000118 0E                    1387 	.db	14
      000119 02                    1388 	.uleb128	2
      00011A 01                    1389 	.db	1
      00011B 00 00r00r22           1390 	.dw	0,(Sspse_stm8$_delay_us$23)
      00011F 0E                    1391 	.db	14
      000120 03                    1392 	.uleb128	3
      000121 01                    1393 	.db	1
      000122 00 00r00r24           1394 	.dw	0,(Sspse_stm8$_delay_us$24)
      000126 0E                    1395 	.db	14
      000127 04                    1396 	.uleb128	4
      000128 01                    1397 	.db	1
      000129 00 00r00r26           1398 	.dw	0,(Sspse_stm8$_delay_us$25)
      00012D 0E                    1399 	.db	14
      00012E 05                    1400 	.uleb128	5
      00012F 01                    1401 	.db	1
      000130 00 00r00r28           1402 	.dw	0,(Sspse_stm8$_delay_us$26)
      000134 0E                    1403 	.db	14
      000135 06                    1404 	.uleb128	6
      000136 01                    1405 	.db	1
      000137 00 00r00r29           1406 	.dw	0,(Sspse_stm8$_delay_us$27)
      00013B 0E                    1407 	.db	14
      00013C 08                    1408 	.uleb128	8
      00013D 01                    1409 	.db	1
      00013E 00 00r00r2B           1410 	.dw	0,(Sspse_stm8$_delay_us$28)
      000142 0E                    1411 	.db	14
      000143 0A                    1412 	.uleb128	10
      000144 01                    1413 	.db	1
      000145 00 00r00r30           1414 	.dw	0,(Sspse_stm8$_delay_us$29)
      000149 0E                    1415 	.db	14
      00014A 02                    1416 	.uleb128	2
                                   1417 
                                   1418 	.area .debug_frame (NOLOAD)
      00014B 00 00                 1419 	.dw	0
      00014D 00 0E                 1420 	.dw	Ldebug_CIE5_end-Ldebug_CIE5_start
      00014F                       1421 Ldebug_CIE5_start:
      00014F FF FF                 1422 	.dw	0xffff
      000151 FF FF                 1423 	.dw	0xffff
      000153 01                    1424 	.db	1
      000154 00                    1425 	.db	0
      000155 01                    1426 	.uleb128	1
      000156 7F                    1427 	.sleb128	-1
      000157 09                    1428 	.db	9
      000158 0C                    1429 	.db	12
      000159 08                    1430 	.uleb128	8
      00015A 02                    1431 	.uleb128	2
      00015B 89                    1432 	.db	137
      00015C 01                    1433 	.uleb128	1
      00015D                       1434 Ldebug_CIE5_end:
      00015D 00 00 00 13           1435 	.dw	0,19
      000161 00 00r01r4B           1436 	.dw	0,(Ldebug_CIE5_start-4)
      000165 00 00r00r00           1437 	.dw	0,(Sspse_stm8$_delay_cycl$1)	;initial loc
      000169 00 00 00 0D           1438 	.dw	0,Sspse_stm8$_delay_cycl$11-Sspse_stm8$_delay_cycl$1
      00016D 01                    1439 	.db	1
      00016E 00 00r00r00           1440 	.dw	0,(Sspse_stm8$_delay_cycl$1)
      000172 0E                    1441 	.db	14
      000173 02                    1442 	.uleb128	2
