                                      1 ;--------------------------------------------------------
                                      2 ; File Created by SDCC : free open source ANSI-C Compiler
                                      3 ; Version 4.1.0 #12072 (MINGW64)
                                      4 ;--------------------------------------------------------
                                      5 	.module swspi
                                      6 	.optsdcc -mstm8
                                      7 	
                                      8 ;--------------------------------------------------------
                                      9 ; Public variables in this module
                                     10 ;--------------------------------------------------------
                                     11 	.globl _GPIO_WriteLow
                                     12 	.globl _GPIO_WriteHigh
                                     13 	.globl _GPIO_Init
                                     14 	.globl _swspi_init
                                     15 	.globl _swspi_tx16
                                     16 ;--------------------------------------------------------
                                     17 ; ram data
                                     18 ;--------------------------------------------------------
                                     19 	.area DATA
                                     20 ;--------------------------------------------------------
                                     21 ; ram data
                                     22 ;--------------------------------------------------------
                                     23 	.area INITIALIZED
                                     24 ;--------------------------------------------------------
                                     25 ; absolute external ram data
                                     26 ;--------------------------------------------------------
                                     27 	.area DABS (ABS)
                                     28 
                                     29 ; default segment ordering for linker
                                     30 	.area HOME
                                     31 	.area GSINIT
                                     32 	.area GSFINAL
                                     33 	.area CONST
                                     34 	.area INITIALIZER
                                     35 	.area CODE
                                     36 
                                     37 ;--------------------------------------------------------
                                     38 ; global & static initialisations
                                     39 ;--------------------------------------------------------
                                     40 	.area HOME
                                     41 	.area GSINIT
                                     42 	.area GSFINAL
                                     43 	.area GSINIT
                                     44 ;--------------------------------------------------------
                                     45 ; Home
                                     46 ;--------------------------------------------------------
                                     47 	.area HOME
                                     48 	.area HOME
                                     49 ;--------------------------------------------------------
                                     50 ; code
                                     51 ;--------------------------------------------------------
                                     52 	.area CODE
                           000000    53 	Sswspi$swspi_init$0 ==.
                                     54 ;	./src/swspi.c: 12: void swspi_init(void){
                                     55 ; genLabel
                                     56 ;	-----------------------------------------
                                     57 ;	 function swspi_init
                                     58 ;	-----------------------------------------
                                     59 ;	Register assignment is optimal.
                                     60 ;	Stack space usage: 0 bytes.
      000000                         61 _swspi_init:
                           000000    62 	Sswspi$swspi_init$1 ==.
                           000000    63 	Sswspi$swspi_init$2 ==.
                                     64 ;	./src/swspi.c: 13: GPIO_Init(CS_GPIO,CS_PIN,GPIO_MODE_OUT_PP_HIGH_FAST);
                                     65 ; genIPush
      000000 4B F0            [ 1]   66 	push	#0xf0
                           000002    67 	Sswspi$swspi_init$3 ==.
                                     68 ; genIPush
      000002 4B 10            [ 1]   69 	push	#0x10
                           000004    70 	Sswspi$swspi_init$4 ==.
                                     71 ; genIPush
      000004 4B 05            [ 1]   72 	push	#0x05
                           000006    73 	Sswspi$swspi_init$5 ==.
      000006 4B 50            [ 1]   74 	push	#0x50
                           000008    75 	Sswspi$swspi_init$6 ==.
                                     76 ; genCall
      000008 CDr00r00         [ 4]   77 	call	_GPIO_Init
      00000B 5B 04            [ 2]   78 	addw	sp, #4
                           00000D    79 	Sswspi$swspi_init$7 ==.
                           00000D    80 	Sswspi$swspi_init$8 ==.
                                     81 ;	./src/swspi.c: 14: GPIO_Init(CLK_GPIO,CLK_PIN,GPIO_MODE_OUT_PP_LOW_FAST);
                                     82 ; genIPush
      00000D 4B E0            [ 1]   83 	push	#0xe0
                           00000F    84 	Sswspi$swspi_init$9 ==.
                                     85 ; genIPush
      00000F 4B 08            [ 1]   86 	push	#0x08
                           000011    87 	Sswspi$swspi_init$10 ==.
                                     88 ; genIPush
      000011 4B 05            [ 1]   89 	push	#0x05
                           000013    90 	Sswspi$swspi_init$11 ==.
      000013 4B 50            [ 1]   91 	push	#0x50
                           000015    92 	Sswspi$swspi_init$12 ==.
                                     93 ; genCall
      000015 CDr00r00         [ 4]   94 	call	_GPIO_Init
      000018 5B 04            [ 2]   95 	addw	sp, #4
                           00001A    96 	Sswspi$swspi_init$13 ==.
                           00001A    97 	Sswspi$swspi_init$14 ==.
                                     98 ;	./src/swspi.c: 15: GPIO_Init(DIN_GPIO,DIN_PIN,GPIO_MODE_OUT_PP_LOW_FAST);
                                     99 ; genIPush
      00001A 4B E0            [ 1]  100 	push	#0xe0
                           00001C   101 	Sswspi$swspi_init$15 ==.
                                    102 ; genIPush
      00001C 4B 20            [ 1]  103 	push	#0x20
                           00001E   104 	Sswspi$swspi_init$16 ==.
                                    105 ; genIPush
      00001E 4B 05            [ 1]  106 	push	#0x05
                           000020   107 	Sswspi$swspi_init$17 ==.
      000020 4B 50            [ 1]  108 	push	#0x50
                           000022   109 	Sswspi$swspi_init$18 ==.
                                    110 ; genCall
      000022 CDr00r00         [ 4]  111 	call	_GPIO_Init
      000025 5B 04            [ 2]  112 	addw	sp, #4
                           000027   113 	Sswspi$swspi_init$19 ==.
                                    114 ; genLabel
      000027                        115 00101$:
                           000027   116 	Sswspi$swspi_init$20 ==.
                                    117 ;	./src/swspi.c: 16: }
                                    118 ; genEndFunction
                           000027   119 	Sswspi$swspi_init$21 ==.
                           000027   120 	XG$swspi_init$0$0 ==.
      000027 81               [ 4]  121 	ret
                           000028   122 	Sswspi$swspi_init$22 ==.
                           000028   123 	Sswspi$swspi_tx16$23 ==.
                                    124 ;	./src/swspi.c: 19: void swspi_tx16(uint16_t data)
                                    125 ; genLabel
                                    126 ;	-----------------------------------------
                                    127 ;	 function swspi_tx16
                                    128 ;	-----------------------------------------
                                    129 ;	Register assignment is optimal.
                                    130 ;	Stack space usage: 2 bytes.
      000028                        131 _swspi_tx16:
                           000028   132 	Sswspi$swspi_tx16$24 ==.
      000028 89               [ 2]  133 	pushw	x
                           000029   134 	Sswspi$swspi_tx16$25 ==.
                           000029   135 	Sswspi$swspi_tx16$26 ==.
                                    136 ;	./src/swspi.c: 21: uint16_t maska = 1 << 15;
                                    137 ; genAssign
      000029 AE 80 00         [ 2]  138 	ldw	x, #0x8000
      00002C 1F 01            [ 2]  139 	ldw	(0x01, sp), x
                           00002E   140 	Sswspi$swspi_tx16$27 ==.
                                    141 ;	./src/swspi.c: 23: CS_L;
                                    142 ; genIPush
      00002E 4B 10            [ 1]  143 	push	#0x10
                           000030   144 	Sswspi$swspi_tx16$28 ==.
                                    145 ; genIPush
      000030 4B 05            [ 1]  146 	push	#0x05
                           000032   147 	Sswspi$swspi_tx16$29 ==.
      000032 4B 50            [ 1]  148 	push	#0x50
                           000034   149 	Sswspi$swspi_tx16$30 ==.
                                    150 ; genCall
      000034 CDr00r00         [ 4]  151 	call	_GPIO_WriteLow
      000037 5B 03            [ 2]  152 	addw	sp, #3
                           000039   153 	Sswspi$swspi_tx16$31 ==.
                           000039   154 	Sswspi$swspi_tx16$32 ==.
                                    155 ;	./src/swspi.c: 24: while (maska) {
                                    156 ; genLabel
      000039                        157 00104$:
                                    158 ; genIfx
      000039 1E 01            [ 2]  159 	ldw	x, (0x01, sp)
      00003B 26 03            [ 1]  160 	jrne	00124$
      00003D CCr00r86         [ 2]  161 	jp	00106$
      000040                        162 00124$:
                           000040   163 	Sswspi$swspi_tx16$33 ==.
                           000040   164 	Sswspi$swspi_tx16$34 ==.
                                    165 ;	./src/swspi.c: 25: if (maska & data) {
                                    166 ; genAnd
      000040 7B 02            [ 1]  167 	ld	a, (0x02, sp)
      000042 14 06            [ 1]  168 	and	a, (0x06, sp)
      000044 97               [ 1]  169 	ld	xl, a
      000045 7B 01            [ 1]  170 	ld	a, (0x01, sp)
      000047 14 05            [ 1]  171 	and	a, (0x05, sp)
      000049 95               [ 1]  172 	ld	xh, a
                                    173 ; genIfx
      00004A 5D               [ 2]  174 	tnzw	x
      00004B 26 03            [ 1]  175 	jrne	00125$
      00004D CCr00r5E         [ 2]  176 	jp	00102$
      000050                        177 00125$:
                           000050   178 	Sswspi$swspi_tx16$35 ==.
                           000050   179 	Sswspi$swspi_tx16$36 ==.
                                    180 ;	./src/swspi.c: 26: DIN_H;
                                    181 ; genIPush
      000050 4B 20            [ 1]  182 	push	#0x20
                           000052   183 	Sswspi$swspi_tx16$37 ==.
                                    184 ; genIPush
      000052 4B 05            [ 1]  185 	push	#0x05
                           000054   186 	Sswspi$swspi_tx16$38 ==.
      000054 4B 50            [ 1]  187 	push	#0x50
                           000056   188 	Sswspi$swspi_tx16$39 ==.
                                    189 ; genCall
      000056 CDr00r00         [ 4]  190 	call	_GPIO_WriteHigh
      000059 5B 03            [ 2]  191 	addw	sp, #3
                           00005B   192 	Sswspi$swspi_tx16$40 ==.
                           00005B   193 	Sswspi$swspi_tx16$41 ==.
                                    194 ; genGoto
      00005B CCr00r69         [ 2]  195 	jp	00103$
                                    196 ; genLabel
      00005E                        197 00102$:
                           00005E   198 	Sswspi$swspi_tx16$42 ==.
                           00005E   199 	Sswspi$swspi_tx16$43 ==.
                                    200 ;	./src/swspi.c: 28: DIN_L;
                                    201 ; genIPush
      00005E 4B 20            [ 1]  202 	push	#0x20
                           000060   203 	Sswspi$swspi_tx16$44 ==.
                                    204 ; genIPush
      000060 4B 05            [ 1]  205 	push	#0x05
                           000062   206 	Sswspi$swspi_tx16$45 ==.
      000062 4B 50            [ 1]  207 	push	#0x50
                           000064   208 	Sswspi$swspi_tx16$46 ==.
                                    209 ; genCall
      000064 CDr00r00         [ 4]  210 	call	_GPIO_WriteLow
      000067 5B 03            [ 2]  211 	addw	sp, #3
                           000069   212 	Sswspi$swspi_tx16$47 ==.
                           000069   213 	Sswspi$swspi_tx16$48 ==.
                                    214 ; genLabel
      000069                        215 00103$:
                           000069   216 	Sswspi$swspi_tx16$49 ==.
                                    217 ;	./src/swspi.c: 30: CLK_H;
                                    218 ; genIPush
      000069 4B 08            [ 1]  219 	push	#0x08
                           00006B   220 	Sswspi$swspi_tx16$50 ==.
                                    221 ; genIPush
      00006B 4B 05            [ 1]  222 	push	#0x05
                           00006D   223 	Sswspi$swspi_tx16$51 ==.
      00006D 4B 50            [ 1]  224 	push	#0x50
                           00006F   225 	Sswspi$swspi_tx16$52 ==.
                                    226 ; genCall
      00006F CDr00r00         [ 4]  227 	call	_GPIO_WriteHigh
      000072 5B 03            [ 2]  228 	addw	sp, #3
                           000074   229 	Sswspi$swspi_tx16$53 ==.
                           000074   230 	Sswspi$swspi_tx16$54 ==.
                                    231 ;	./src/swspi.c: 31: maska = maska >> 1;
                                    232 ; genRightShiftLiteral
      000074 04 01            [ 1]  233 	srl	(0x01, sp)
      000076 06 02            [ 1]  234 	rrc	(0x02, sp)
                           000078   235 	Sswspi$swspi_tx16$55 ==.
                                    236 ;	./src/swspi.c: 32: CLK_L;
                                    237 ; genIPush
      000078 4B 08            [ 1]  238 	push	#0x08
                           00007A   239 	Sswspi$swspi_tx16$56 ==.
                                    240 ; genIPush
      00007A 4B 05            [ 1]  241 	push	#0x05
                           00007C   242 	Sswspi$swspi_tx16$57 ==.
      00007C 4B 50            [ 1]  243 	push	#0x50
                           00007E   244 	Sswspi$swspi_tx16$58 ==.
                                    245 ; genCall
      00007E CDr00r00         [ 4]  246 	call	_GPIO_WriteLow
      000081 5B 03            [ 2]  247 	addw	sp, #3
                           000083   248 	Sswspi$swspi_tx16$59 ==.
                           000083   249 	Sswspi$swspi_tx16$60 ==.
                                    250 ; genGoto
      000083 CCr00r39         [ 2]  251 	jp	00104$
                                    252 ; genLabel
      000086                        253 00106$:
                           000086   254 	Sswspi$swspi_tx16$61 ==.
                                    255 ;	./src/swspi.c: 34: CS_H;
                                    256 ; genIPush
      000086 4B 10            [ 1]  257 	push	#0x10
                           000088   258 	Sswspi$swspi_tx16$62 ==.
                                    259 ; genIPush
      000088 4B 05            [ 1]  260 	push	#0x05
                           00008A   261 	Sswspi$swspi_tx16$63 ==.
      00008A 4B 50            [ 1]  262 	push	#0x50
                           00008C   263 	Sswspi$swspi_tx16$64 ==.
                                    264 ; genCall
      00008C CDr00r00         [ 4]  265 	call	_GPIO_WriteHigh
      00008F 5B 03            [ 2]  266 	addw	sp, #3
                           000091   267 	Sswspi$swspi_tx16$65 ==.
                                    268 ; genLabel
      000091                        269 00107$:
                           000091   270 	Sswspi$swspi_tx16$66 ==.
                                    271 ;	./src/swspi.c: 35: }
                                    272 ; genEndFunction
      000091 85               [ 2]  273 	popw	x
                           000092   274 	Sswspi$swspi_tx16$67 ==.
                           000092   275 	Sswspi$swspi_tx16$68 ==.
                           000092   276 	XG$swspi_tx16$0$0 ==.
      000092 81               [ 4]  277 	ret
                           000093   278 	Sswspi$swspi_tx16$69 ==.
                                    279 	.area CODE
                                    280 	.area CONST
                                    281 	.area INITIALIZER
                                    282 	.area CABS (ABS)
                                    283 
                                    284 	.area .debug_line (NOLOAD)
      000000 00 00 00 EE            285 	.dw	0,Ldebug_line_end-Ldebug_line_start
      000004                        286 Ldebug_line_start:
      000004 00 02                  287 	.dw	2
      000006 00 00 00 6E            288 	.dw	0,Ldebug_line_stmt-6-Ldebug_line_start
      00000A 01                     289 	.db	1
      00000B 01                     290 	.db	1
      00000C FB                     291 	.db	-5
      00000D 0F                     292 	.db	15
      00000E 0A                     293 	.db	10
      00000F 00                     294 	.db	0
      000010 01                     295 	.db	1
      000011 01                     296 	.db	1
      000012 01                     297 	.db	1
      000013 01                     298 	.db	1
      000014 00                     299 	.db	0
      000015 00                     300 	.db	0
      000016 00                     301 	.db	0
      000017 01                     302 	.db	1
      000018 43 3A 5C 50 72 6F 67   303 	.ascii "C:\Program Files\SDCC\bin\..\include\stm8"
             72 61 6D 20 46 69 6C
             65 73 5C 53 44 43 43
             08 69 6E 5C 2E 2E 5C
             69 6E 63 6C 75 64 65
             5C 73 74 6D 38
      000040 00                     304 	.db	0
      000041 43 3A 5C 50 72 6F 67   305 	.ascii "C:\Program Files\SDCC\bin\..\include"
             72 61 6D 20 46 69 6C
             65 73 5C 53 44 43 43
             08 69 6E 5C 2E 2E 5C
             69 6E 63 6C 75 64 65
      000064 00                     306 	.db	0
      000065 00                     307 	.db	0
      000066 2E 2F 73 72 63 2F 73   308 	.ascii "./src/swspi.c"
             77 73 70 69 2E 63
      000073 00                     309 	.db	0
      000074 00                     310 	.uleb128	0
      000075 00                     311 	.uleb128	0
      000076 00                     312 	.uleb128	0
      000077 00                     313 	.db	0
      000078                        314 Ldebug_line_stmt:
      000078 00                     315 	.db	0
      000079 05                     316 	.uleb128	5
      00007A 02                     317 	.db	2
      00007B 00 00r00r00            318 	.dw	0,(Sswspi$swspi_init$0)
      00007F 03                     319 	.db	3
      000080 0B                     320 	.sleb128	11
      000081 01                     321 	.db	1
      000082 09                     322 	.db	9
      000083 00 00                  323 	.dw	Sswspi$swspi_init$2-Sswspi$swspi_init$0
      000085 03                     324 	.db	3
      000086 01                     325 	.sleb128	1
      000087 01                     326 	.db	1
      000088 09                     327 	.db	9
      000089 00 0D                  328 	.dw	Sswspi$swspi_init$8-Sswspi$swspi_init$2
      00008B 03                     329 	.db	3
      00008C 01                     330 	.sleb128	1
      00008D 01                     331 	.db	1
      00008E 09                     332 	.db	9
      00008F 00 0D                  333 	.dw	Sswspi$swspi_init$14-Sswspi$swspi_init$8
      000091 03                     334 	.db	3
      000092 01                     335 	.sleb128	1
      000093 01                     336 	.db	1
      000094 09                     337 	.db	9
      000095 00 0D                  338 	.dw	Sswspi$swspi_init$20-Sswspi$swspi_init$14
      000097 03                     339 	.db	3
      000098 01                     340 	.sleb128	1
      000099 01                     341 	.db	1
      00009A 09                     342 	.db	9
      00009B 00 01                  343 	.dw	1+Sswspi$swspi_init$21-Sswspi$swspi_init$20
      00009D 00                     344 	.db	0
      00009E 01                     345 	.uleb128	1
      00009F 01                     346 	.db	1
      0000A0 00                     347 	.db	0
      0000A1 05                     348 	.uleb128	5
      0000A2 02                     349 	.db	2
      0000A3 00 00r00r28            350 	.dw	0,(Sswspi$swspi_tx16$23)
      0000A7 03                     351 	.db	3
      0000A8 12                     352 	.sleb128	18
      0000A9 01                     353 	.db	1
      0000AA 09                     354 	.db	9
      0000AB 00 01                  355 	.dw	Sswspi$swspi_tx16$26-Sswspi$swspi_tx16$23
      0000AD 03                     356 	.db	3
      0000AE 02                     357 	.sleb128	2
      0000AF 01                     358 	.db	1
      0000B0 09                     359 	.db	9
      0000B1 00 05                  360 	.dw	Sswspi$swspi_tx16$27-Sswspi$swspi_tx16$26
      0000B3 03                     361 	.db	3
      0000B4 02                     362 	.sleb128	2
      0000B5 01                     363 	.db	1
      0000B6 09                     364 	.db	9
      0000B7 00 0B                  365 	.dw	Sswspi$swspi_tx16$32-Sswspi$swspi_tx16$27
      0000B9 03                     366 	.db	3
      0000BA 01                     367 	.sleb128	1
      0000BB 01                     368 	.db	1
      0000BC 09                     369 	.db	9
      0000BD 00 07                  370 	.dw	Sswspi$swspi_tx16$34-Sswspi$swspi_tx16$32
      0000BF 03                     371 	.db	3
      0000C0 01                     372 	.sleb128	1
      0000C1 01                     373 	.db	1
      0000C2 09                     374 	.db	9
      0000C3 00 10                  375 	.dw	Sswspi$swspi_tx16$36-Sswspi$swspi_tx16$34
      0000C5 03                     376 	.db	3
      0000C6 01                     377 	.sleb128	1
      0000C7 01                     378 	.db	1
      0000C8 09                     379 	.db	9
      0000C9 00 0E                  380 	.dw	Sswspi$swspi_tx16$43-Sswspi$swspi_tx16$36
      0000CB 03                     381 	.db	3
      0000CC 02                     382 	.sleb128	2
      0000CD 01                     383 	.db	1
      0000CE 09                     384 	.db	9
      0000CF 00 0B                  385 	.dw	Sswspi$swspi_tx16$49-Sswspi$swspi_tx16$43
      0000D1 03                     386 	.db	3
      0000D2 02                     387 	.sleb128	2
      0000D3 01                     388 	.db	1
      0000D4 09                     389 	.db	9
      0000D5 00 0B                  390 	.dw	Sswspi$swspi_tx16$54-Sswspi$swspi_tx16$49
      0000D7 03                     391 	.db	3
      0000D8 01                     392 	.sleb128	1
      0000D9 01                     393 	.db	1
      0000DA 09                     394 	.db	9
      0000DB 00 04                  395 	.dw	Sswspi$swspi_tx16$55-Sswspi$swspi_tx16$54
      0000DD 03                     396 	.db	3
      0000DE 01                     397 	.sleb128	1
      0000DF 01                     398 	.db	1
      0000E0 09                     399 	.db	9
      0000E1 00 0E                  400 	.dw	Sswspi$swspi_tx16$61-Sswspi$swspi_tx16$55
      0000E3 03                     401 	.db	3
      0000E4 02                     402 	.sleb128	2
      0000E5 01                     403 	.db	1
      0000E6 09                     404 	.db	9
      0000E7 00 0B                  405 	.dw	Sswspi$swspi_tx16$66-Sswspi$swspi_tx16$61
      0000E9 03                     406 	.db	3
      0000EA 01                     407 	.sleb128	1
      0000EB 01                     408 	.db	1
      0000EC 09                     409 	.db	9
      0000ED 00 02                  410 	.dw	1+Sswspi$swspi_tx16$68-Sswspi$swspi_tx16$66
      0000EF 00                     411 	.db	0
      0000F0 01                     412 	.uleb128	1
      0000F1 01                     413 	.db	1
      0000F2                        414 Ldebug_line_end:
                                    415 
                                    416 	.area .debug_loc (NOLOAD)
      000000                        417 Ldebug_loc_start:
      000000 00 00r00r92            418 	.dw	0,(Sswspi$swspi_tx16$67)
      000004 00 00r00r93            419 	.dw	0,(Sswspi$swspi_tx16$69)
      000008 00 02                  420 	.dw	2
      00000A 78                     421 	.db	120
      00000B 01                     422 	.sleb128	1
      00000C 00 00r00r91            423 	.dw	0,(Sswspi$swspi_tx16$65)
      000010 00 00r00r92            424 	.dw	0,(Sswspi$swspi_tx16$67)
      000014 00 02                  425 	.dw	2
      000016 78                     426 	.db	120
      000017 03                     427 	.sleb128	3
      000018 00 00r00r8C            428 	.dw	0,(Sswspi$swspi_tx16$64)
      00001C 00 00r00r91            429 	.dw	0,(Sswspi$swspi_tx16$65)
      000020 00 02                  430 	.dw	2
      000022 78                     431 	.db	120
      000023 06                     432 	.sleb128	6
      000024 00 00r00r8A            433 	.dw	0,(Sswspi$swspi_tx16$63)
      000028 00 00r00r8C            434 	.dw	0,(Sswspi$swspi_tx16$64)
      00002C 00 02                  435 	.dw	2
      00002E 78                     436 	.db	120
      00002F 05                     437 	.sleb128	5
      000030 00 00r00r88            438 	.dw	0,(Sswspi$swspi_tx16$62)
      000034 00 00r00r8A            439 	.dw	0,(Sswspi$swspi_tx16$63)
      000038 00 02                  440 	.dw	2
      00003A 78                     441 	.db	120
      00003B 04                     442 	.sleb128	4
      00003C 00 00r00r83            443 	.dw	0,(Sswspi$swspi_tx16$59)
      000040 00 00r00r88            444 	.dw	0,(Sswspi$swspi_tx16$62)
      000044 00 02                  445 	.dw	2
      000046 78                     446 	.db	120
      000047 03                     447 	.sleb128	3
      000048 00 00r00r7E            448 	.dw	0,(Sswspi$swspi_tx16$58)
      00004C 00 00r00r83            449 	.dw	0,(Sswspi$swspi_tx16$59)
      000050 00 02                  450 	.dw	2
      000052 78                     451 	.db	120
      000053 06                     452 	.sleb128	6
      000054 00 00r00r7C            453 	.dw	0,(Sswspi$swspi_tx16$57)
      000058 00 00r00r7E            454 	.dw	0,(Sswspi$swspi_tx16$58)
      00005C 00 02                  455 	.dw	2
      00005E 78                     456 	.db	120
      00005F 05                     457 	.sleb128	5
      000060 00 00r00r7A            458 	.dw	0,(Sswspi$swspi_tx16$56)
      000064 00 00r00r7C            459 	.dw	0,(Sswspi$swspi_tx16$57)
      000068 00 02                  460 	.dw	2
      00006A 78                     461 	.db	120
      00006B 04                     462 	.sleb128	4
      00006C 00 00r00r74            463 	.dw	0,(Sswspi$swspi_tx16$53)
      000070 00 00r00r7A            464 	.dw	0,(Sswspi$swspi_tx16$56)
      000074 00 02                  465 	.dw	2
      000076 78                     466 	.db	120
      000077 03                     467 	.sleb128	3
      000078 00 00r00r6F            468 	.dw	0,(Sswspi$swspi_tx16$52)
      00007C 00 00r00r74            469 	.dw	0,(Sswspi$swspi_tx16$53)
      000080 00 02                  470 	.dw	2
      000082 78                     471 	.db	120
      000083 06                     472 	.sleb128	6
      000084 00 00r00r6D            473 	.dw	0,(Sswspi$swspi_tx16$51)
      000088 00 00r00r6F            474 	.dw	0,(Sswspi$swspi_tx16$52)
      00008C 00 02                  475 	.dw	2
      00008E 78                     476 	.db	120
      00008F 05                     477 	.sleb128	5
      000090 00 00r00r6B            478 	.dw	0,(Sswspi$swspi_tx16$50)
      000094 00 00r00r6D            479 	.dw	0,(Sswspi$swspi_tx16$51)
      000098 00 02                  480 	.dw	2
      00009A 78                     481 	.db	120
      00009B 04                     482 	.sleb128	4
      00009C 00 00r00r69            483 	.dw	0,(Sswspi$swspi_tx16$47)
      0000A0 00 00r00r6B            484 	.dw	0,(Sswspi$swspi_tx16$50)
      0000A4 00 02                  485 	.dw	2
      0000A6 78                     486 	.db	120
      0000A7 03                     487 	.sleb128	3
      0000A8 00 00r00r64            488 	.dw	0,(Sswspi$swspi_tx16$46)
      0000AC 00 00r00r69            489 	.dw	0,(Sswspi$swspi_tx16$47)
      0000B0 00 02                  490 	.dw	2
      0000B2 78                     491 	.db	120
      0000B3 06                     492 	.sleb128	6
      0000B4 00 00r00r62            493 	.dw	0,(Sswspi$swspi_tx16$45)
      0000B8 00 00r00r64            494 	.dw	0,(Sswspi$swspi_tx16$46)
      0000BC 00 02                  495 	.dw	2
      0000BE 78                     496 	.db	120
      0000BF 05                     497 	.sleb128	5
      0000C0 00 00r00r60            498 	.dw	0,(Sswspi$swspi_tx16$44)
      0000C4 00 00r00r62            499 	.dw	0,(Sswspi$swspi_tx16$45)
      0000C8 00 02                  500 	.dw	2
      0000CA 78                     501 	.db	120
      0000CB 04                     502 	.sleb128	4
      0000CC 00 00r00r5B            503 	.dw	0,(Sswspi$swspi_tx16$40)
      0000D0 00 00r00r60            504 	.dw	0,(Sswspi$swspi_tx16$44)
      0000D4 00 02                  505 	.dw	2
      0000D6 78                     506 	.db	120
      0000D7 03                     507 	.sleb128	3
      0000D8 00 00r00r56            508 	.dw	0,(Sswspi$swspi_tx16$39)
      0000DC 00 00r00r5B            509 	.dw	0,(Sswspi$swspi_tx16$40)
      0000E0 00 02                  510 	.dw	2
      0000E2 78                     511 	.db	120
      0000E3 06                     512 	.sleb128	6
      0000E4 00 00r00r54            513 	.dw	0,(Sswspi$swspi_tx16$38)
      0000E8 00 00r00r56            514 	.dw	0,(Sswspi$swspi_tx16$39)
      0000EC 00 02                  515 	.dw	2
      0000EE 78                     516 	.db	120
      0000EF 05                     517 	.sleb128	5
      0000F0 00 00r00r52            518 	.dw	0,(Sswspi$swspi_tx16$37)
      0000F4 00 00r00r54            519 	.dw	0,(Sswspi$swspi_tx16$38)
      0000F8 00 02                  520 	.dw	2
      0000FA 78                     521 	.db	120
      0000FB 04                     522 	.sleb128	4
      0000FC 00 00r00r39            523 	.dw	0,(Sswspi$swspi_tx16$31)
      000100 00 00r00r52            524 	.dw	0,(Sswspi$swspi_tx16$37)
      000104 00 02                  525 	.dw	2
      000106 78                     526 	.db	120
      000107 03                     527 	.sleb128	3
      000108 00 00r00r34            528 	.dw	0,(Sswspi$swspi_tx16$30)
      00010C 00 00r00r39            529 	.dw	0,(Sswspi$swspi_tx16$31)
      000110 00 02                  530 	.dw	2
      000112 78                     531 	.db	120
      000113 06                     532 	.sleb128	6
      000114 00 00r00r32            533 	.dw	0,(Sswspi$swspi_tx16$29)
      000118 00 00r00r34            534 	.dw	0,(Sswspi$swspi_tx16$30)
      00011C 00 02                  535 	.dw	2
      00011E 78                     536 	.db	120
      00011F 05                     537 	.sleb128	5
      000120 00 00r00r30            538 	.dw	0,(Sswspi$swspi_tx16$28)
      000124 00 00r00r32            539 	.dw	0,(Sswspi$swspi_tx16$29)
      000128 00 02                  540 	.dw	2
      00012A 78                     541 	.db	120
      00012B 04                     542 	.sleb128	4
      00012C 00 00r00r29            543 	.dw	0,(Sswspi$swspi_tx16$25)
      000130 00 00r00r30            544 	.dw	0,(Sswspi$swspi_tx16$28)
      000134 00 02                  545 	.dw	2
      000136 78                     546 	.db	120
      000137 03                     547 	.sleb128	3
      000138 00 00r00r28            548 	.dw	0,(Sswspi$swspi_tx16$24)
      00013C 00 00r00r29            549 	.dw	0,(Sswspi$swspi_tx16$25)
      000140 00 02                  550 	.dw	2
      000142 78                     551 	.db	120
      000143 01                     552 	.sleb128	1
      000144 00 00 00 00            553 	.dw	0,0
      000148 00 00 00 00            554 	.dw	0,0
      00014C 00 00r00r27            555 	.dw	0,(Sswspi$swspi_init$19)
      000150 00 00r00r28            556 	.dw	0,(Sswspi$swspi_init$22)
      000154 00 02                  557 	.dw	2
      000156 78                     558 	.db	120
      000157 01                     559 	.sleb128	1
      000158 00 00r00r22            560 	.dw	0,(Sswspi$swspi_init$18)
      00015C 00 00r00r27            561 	.dw	0,(Sswspi$swspi_init$19)
      000160 00 02                  562 	.dw	2
      000162 78                     563 	.db	120
      000163 05                     564 	.sleb128	5
      000164 00 00r00r20            565 	.dw	0,(Sswspi$swspi_init$17)
      000168 00 00r00r22            566 	.dw	0,(Sswspi$swspi_init$18)
      00016C 00 02                  567 	.dw	2
      00016E 78                     568 	.db	120
      00016F 04                     569 	.sleb128	4
      000170 00 00r00r1E            570 	.dw	0,(Sswspi$swspi_init$16)
      000174 00 00r00r20            571 	.dw	0,(Sswspi$swspi_init$17)
      000178 00 02                  572 	.dw	2
      00017A 78                     573 	.db	120
      00017B 03                     574 	.sleb128	3
      00017C 00 00r00r1C            575 	.dw	0,(Sswspi$swspi_init$15)
      000180 00 00r00r1E            576 	.dw	0,(Sswspi$swspi_init$16)
      000184 00 02                  577 	.dw	2
      000186 78                     578 	.db	120
      000187 02                     579 	.sleb128	2
      000188 00 00r00r1A            580 	.dw	0,(Sswspi$swspi_init$13)
      00018C 00 00r00r1C            581 	.dw	0,(Sswspi$swspi_init$15)
      000190 00 02                  582 	.dw	2
      000192 78                     583 	.db	120
      000193 01                     584 	.sleb128	1
      000194 00 00r00r15            585 	.dw	0,(Sswspi$swspi_init$12)
      000198 00 00r00r1A            586 	.dw	0,(Sswspi$swspi_init$13)
      00019C 00 02                  587 	.dw	2
      00019E 78                     588 	.db	120
      00019F 05                     589 	.sleb128	5
      0001A0 00 00r00r13            590 	.dw	0,(Sswspi$swspi_init$11)
      0001A4 00 00r00r15            591 	.dw	0,(Sswspi$swspi_init$12)
      0001A8 00 02                  592 	.dw	2
      0001AA 78                     593 	.db	120
      0001AB 04                     594 	.sleb128	4
      0001AC 00 00r00r11            595 	.dw	0,(Sswspi$swspi_init$10)
      0001B0 00 00r00r13            596 	.dw	0,(Sswspi$swspi_init$11)
      0001B4 00 02                  597 	.dw	2
      0001B6 78                     598 	.db	120
      0001B7 03                     599 	.sleb128	3
      0001B8 00 00r00r0F            600 	.dw	0,(Sswspi$swspi_init$9)
      0001BC 00 00r00r11            601 	.dw	0,(Sswspi$swspi_init$10)
      0001C0 00 02                  602 	.dw	2
      0001C2 78                     603 	.db	120
      0001C3 02                     604 	.sleb128	2
      0001C4 00 00r00r0D            605 	.dw	0,(Sswspi$swspi_init$7)
      0001C8 00 00r00r0F            606 	.dw	0,(Sswspi$swspi_init$9)
      0001CC 00 02                  607 	.dw	2
      0001CE 78                     608 	.db	120
      0001CF 01                     609 	.sleb128	1
      0001D0 00 00r00r08            610 	.dw	0,(Sswspi$swspi_init$6)
      0001D4 00 00r00r0D            611 	.dw	0,(Sswspi$swspi_init$7)
      0001D8 00 02                  612 	.dw	2
      0001DA 78                     613 	.db	120
      0001DB 05                     614 	.sleb128	5
      0001DC 00 00r00r06            615 	.dw	0,(Sswspi$swspi_init$5)
      0001E0 00 00r00r08            616 	.dw	0,(Sswspi$swspi_init$6)
      0001E4 00 02                  617 	.dw	2
      0001E6 78                     618 	.db	120
      0001E7 04                     619 	.sleb128	4
      0001E8 00 00r00r04            620 	.dw	0,(Sswspi$swspi_init$4)
      0001EC 00 00r00r06            621 	.dw	0,(Sswspi$swspi_init$5)
      0001F0 00 02                  622 	.dw	2
      0001F2 78                     623 	.db	120
      0001F3 03                     624 	.sleb128	3
      0001F4 00 00r00r02            625 	.dw	0,(Sswspi$swspi_init$3)
      0001F8 00 00r00r04            626 	.dw	0,(Sswspi$swspi_init$4)
      0001FC 00 02                  627 	.dw	2
      0001FE 78                     628 	.db	120
      0001FF 02                     629 	.sleb128	2
      000200 00 00r00r00            630 	.dw	0,(Sswspi$swspi_init$1)
      000204 00 00r00r02            631 	.dw	0,(Sswspi$swspi_init$3)
      000208 00 02                  632 	.dw	2
      00020A 78                     633 	.db	120
      00020B 01                     634 	.sleb128	1
      00020C 00 00 00 00            635 	.dw	0,0
      000210 00 00 00 00            636 	.dw	0,0
                                    637 
                                    638 	.area .debug_abbrev (NOLOAD)
      000000                        639 Ldebug_abbrev:
      000000 04                     640 	.uleb128	4
      000001 05                     641 	.uleb128	5
      000002 00                     642 	.db	0
      000003 02                     643 	.uleb128	2
      000004 0A                     644 	.uleb128	10
      000005 03                     645 	.uleb128	3
      000006 08                     646 	.uleb128	8
      000007 49                     647 	.uleb128	73
      000008 13                     648 	.uleb128	19
      000009 00                     649 	.uleb128	0
      00000A 00                     650 	.uleb128	0
      00000B 03                     651 	.uleb128	3
      00000C 2E                     652 	.uleb128	46
      00000D 01                     653 	.db	1
      00000E 01                     654 	.uleb128	1
      00000F 13                     655 	.uleb128	19
      000010 03                     656 	.uleb128	3
      000011 08                     657 	.uleb128	8
      000012 11                     658 	.uleb128	17
      000013 01                     659 	.uleb128	1
      000014 12                     660 	.uleb128	18
      000015 01                     661 	.uleb128	1
      000016 3F                     662 	.uleb128	63
      000017 0C                     663 	.uleb128	12
      000018 40                     664 	.uleb128	64
      000019 06                     665 	.uleb128	6
      00001A 00                     666 	.uleb128	0
      00001B 00                     667 	.uleb128	0
      00001C 07                     668 	.uleb128	7
      00001D 34                     669 	.uleb128	52
      00001E 00                     670 	.db	0
      00001F 02                     671 	.uleb128	2
      000020 0A                     672 	.uleb128	10
      000021 03                     673 	.uleb128	3
      000022 08                     674 	.uleb128	8
      000023 49                     675 	.uleb128	73
      000024 13                     676 	.uleb128	19
      000025 00                     677 	.uleb128	0
      000026 00                     678 	.uleb128	0
      000027 01                     679 	.uleb128	1
      000028 11                     680 	.uleb128	17
      000029 01                     681 	.db	1
      00002A 03                     682 	.uleb128	3
      00002B 08                     683 	.uleb128	8
      00002C 10                     684 	.uleb128	16
      00002D 06                     685 	.uleb128	6
      00002E 13                     686 	.uleb128	19
      00002F 0B                     687 	.uleb128	11
      000030 25                     688 	.uleb128	37
      000031 08                     689 	.uleb128	8
      000032 00                     690 	.uleb128	0
      000033 00                     691 	.uleb128	0
      000034 06                     692 	.uleb128	6
      000035 0B                     693 	.uleb128	11
      000036 00                     694 	.db	0
      000037 11                     695 	.uleb128	17
      000038 01                     696 	.uleb128	1
      000039 12                     697 	.uleb128	18
      00003A 01                     698 	.uleb128	1
      00003B 00                     699 	.uleb128	0
      00003C 00                     700 	.uleb128	0
      00003D 02                     701 	.uleb128	2
      00003E 2E                     702 	.uleb128	46
      00003F 00                     703 	.db	0
      000040 03                     704 	.uleb128	3
      000041 08                     705 	.uleb128	8
      000042 11                     706 	.uleb128	17
      000043 01                     707 	.uleb128	1
      000044 12                     708 	.uleb128	18
      000045 01                     709 	.uleb128	1
      000046 3F                     710 	.uleb128	63
      000047 0C                     711 	.uleb128	12
      000048 40                     712 	.uleb128	64
      000049 06                     713 	.uleb128	6
      00004A 00                     714 	.uleb128	0
      00004B 00                     715 	.uleb128	0
      00004C 05                     716 	.uleb128	5
      00004D 0B                     717 	.uleb128	11
      00004E 01                     718 	.db	1
      00004F 01                     719 	.uleb128	1
      000050 13                     720 	.uleb128	19
      000051 11                     721 	.uleb128	17
      000052 01                     722 	.uleb128	1
      000053 12                     723 	.uleb128	18
      000054 01                     724 	.uleb128	1
      000055 00                     725 	.uleb128	0
      000056 00                     726 	.uleb128	0
      000057 08                     727 	.uleb128	8
      000058 24                     728 	.uleb128	36
      000059 00                     729 	.db	0
      00005A 03                     730 	.uleb128	3
      00005B 08                     731 	.uleb128	8
      00005C 0B                     732 	.uleb128	11
      00005D 0B                     733 	.uleb128	11
      00005E 3E                     734 	.uleb128	62
      00005F 0B                     735 	.uleb128	11
      000060 00                     736 	.uleb128	0
      000061 00                     737 	.uleb128	0
      000062 00                     738 	.uleb128	0
                                    739 
                                    740 	.area .debug_info (NOLOAD)
      000000 00 00 00 BA            741 	.dw	0,Ldebug_info_end-Ldebug_info_start
      000004                        742 Ldebug_info_start:
      000004 00 02                  743 	.dw	2
      000006 00 00r00r00            744 	.dw	0,(Ldebug_abbrev)
      00000A 04                     745 	.db	4
      00000B 01                     746 	.uleb128	1
      00000C 2E 2F 73 72 63 2F 73   747 	.ascii "./src/swspi.c"
             77 73 70 69 2E 63
      000019 00                     748 	.db	0
      00001A 00 00r00r00            749 	.dw	0,(Ldebug_line_start+-4)
      00001E 01                     750 	.db	1
      00001F 53 44 43 43 20 76 65   751 	.ascii "SDCC version 4.1.0 #12072"
             72 73 69 6F 6E 20 34
             2E 31 2E 30 20 23 31
             32 30 37 32
      000038 00                     752 	.db	0
      000039 02                     753 	.uleb128	2
      00003A 73 77 73 70 69 5F 69   754 	.ascii "swspi_init"
             6E 69 74
      000044 00                     755 	.db	0
      000045 00 00r00r00            756 	.dw	0,(_swspi_init)
      000049 00 00r00r28            757 	.dw	0,(XG$swspi_init$0$0+1)
      00004D 01                     758 	.db	1
      00004E 00 00r01r4C            759 	.dw	0,(Ldebug_loc_start+332)
      000052 03                     760 	.uleb128	3
      000053 00 00 00 AB            761 	.dw	0,171
      000057 73 77 73 70 69 5F 74   762 	.ascii "swspi_tx16"
             78 31 36
      000061 00                     763 	.db	0
      000062 00 00r00r28            764 	.dw	0,(_swspi_tx16)
      000066 00 00r00r93            765 	.dw	0,(XG$swspi_tx16$0$0+1)
      00006A 01                     766 	.db	1
      00006B 00 00r00r00            767 	.dw	0,(Ldebug_loc_start)
      00006F 04                     768 	.uleb128	4
      000070 02                     769 	.db	2
      000071 91                     770 	.db	145
      000072 02                     771 	.sleb128	2
      000073 64 61 74 61            772 	.ascii "data"
      000077 00                     773 	.db	0
      000078 00 00 00 AB            774 	.dw	0,171
      00007C 05                     775 	.uleb128	5
      00007D 00 00 00 9C            776 	.dw	0,156
      000081 00 00r00r40            777 	.dw	0,(Sswspi$swspi_tx16$33)
      000085 00 00r00r83            778 	.dw	0,(Sswspi$swspi_tx16$60)
      000089 06                     779 	.uleb128	6
      00008A 00 00r00r50            780 	.dw	0,(Sswspi$swspi_tx16$35)
      00008E 00 00r00r5B            781 	.dw	0,(Sswspi$swspi_tx16$41)
      000092 06                     782 	.uleb128	6
      000093 00 00r00r5E            783 	.dw	0,(Sswspi$swspi_tx16$42)
      000097 00 00r00r69            784 	.dw	0,(Sswspi$swspi_tx16$48)
      00009B 00                     785 	.uleb128	0
      00009C 07                     786 	.uleb128	7
      00009D 02                     787 	.db	2
      00009E 91                     788 	.db	145
      00009F 7E                     789 	.sleb128	-2
      0000A0 6D 61 73 6B 61         790 	.ascii "maska"
      0000A5 00                     791 	.db	0
      0000A6 00 00 00 AB            792 	.dw	0,171
      0000AA 00                     793 	.uleb128	0
      0000AB 08                     794 	.uleb128	8
      0000AC 75 6E 73 69 67 6E 65   795 	.ascii "unsigned int"
             64 20 69 6E 74
      0000B8 00                     796 	.db	0
      0000B9 02                     797 	.db	2
      0000BA 07                     798 	.db	7
      0000BB 00                     799 	.uleb128	0
      0000BC 00                     800 	.uleb128	0
      0000BD 00                     801 	.uleb128	0
      0000BE                        802 Ldebug_info_end:
                                    803 
                                    804 	.area .debug_pubnames (NOLOAD)
      000000 00 00 00 2C            805 	.dw	0,Ldebug_pubnames_end-Ldebug_pubnames_start
      000004                        806 Ldebug_pubnames_start:
      000004 00 02                  807 	.dw	2
      000006 00 00r00r00            808 	.dw	0,(Ldebug_info_start-4)
      00000A 00 00 00 BE            809 	.dw	0,4+Ldebug_info_end-Ldebug_info_start
      00000E 00 00 00 39            810 	.dw	0,57
      000012 73 77 73 70 69 5F 69   811 	.ascii "swspi_init"
             6E 69 74
      00001C 00                     812 	.db	0
      00001D 00 00 00 52            813 	.dw	0,82
      000021 73 77 73 70 69 5F 74   814 	.ascii "swspi_tx16"
             78 31 36
      00002B 00                     815 	.db	0
      00002C 00 00 00 00            816 	.dw	0,0
      000030                        817 Ldebug_pubnames_end:
                                    818 
                                    819 	.area .debug_frame (NOLOAD)
      000000 00 00                  820 	.dw	0
      000002 00 0E                  821 	.dw	Ldebug_CIE0_end-Ldebug_CIE0_start
      000004                        822 Ldebug_CIE0_start:
      000004 FF FF                  823 	.dw	0xffff
      000006 FF FF                  824 	.dw	0xffff
      000008 01                     825 	.db	1
      000009 00                     826 	.db	0
      00000A 01                     827 	.uleb128	1
      00000B 7F                     828 	.sleb128	-1
      00000C 09                     829 	.db	9
      00000D 0C                     830 	.db	12
      00000E 08                     831 	.uleb128	8
      00000F 02                     832 	.uleb128	2
      000010 89                     833 	.db	137
      000011 01                     834 	.uleb128	1
      000012                        835 Ldebug_CIE0_end:
      000012 00 00 00 C9            836 	.dw	0,201
      000016 00 00r00r00            837 	.dw	0,(Ldebug_CIE0_start-4)
      00001A 00 00r00r28            838 	.dw	0,(Sswspi$swspi_tx16$24)	;initial loc
      00001E 00 00 00 6B            839 	.dw	0,Sswspi$swspi_tx16$69-Sswspi$swspi_tx16$24
      000022 01                     840 	.db	1
      000023 00 00r00r28            841 	.dw	0,(Sswspi$swspi_tx16$24)
      000027 0E                     842 	.db	14
      000028 02                     843 	.uleb128	2
      000029 01                     844 	.db	1
      00002A 00 00r00r29            845 	.dw	0,(Sswspi$swspi_tx16$25)
      00002E 0E                     846 	.db	14
      00002F 04                     847 	.uleb128	4
      000030 01                     848 	.db	1
      000031 00 00r00r30            849 	.dw	0,(Sswspi$swspi_tx16$28)
      000035 0E                     850 	.db	14
      000036 05                     851 	.uleb128	5
      000037 01                     852 	.db	1
      000038 00 00r00r32            853 	.dw	0,(Sswspi$swspi_tx16$29)
      00003C 0E                     854 	.db	14
      00003D 06                     855 	.uleb128	6
      00003E 01                     856 	.db	1
      00003F 00 00r00r34            857 	.dw	0,(Sswspi$swspi_tx16$30)
      000043 0E                     858 	.db	14
      000044 07                     859 	.uleb128	7
      000045 01                     860 	.db	1
      000046 00 00r00r39            861 	.dw	0,(Sswspi$swspi_tx16$31)
      00004A 0E                     862 	.db	14
      00004B 04                     863 	.uleb128	4
      00004C 01                     864 	.db	1
      00004D 00 00r00r52            865 	.dw	0,(Sswspi$swspi_tx16$37)
      000051 0E                     866 	.db	14
      000052 05                     867 	.uleb128	5
      000053 01                     868 	.db	1
      000054 00 00r00r54            869 	.dw	0,(Sswspi$swspi_tx16$38)
      000058 0E                     870 	.db	14
      000059 06                     871 	.uleb128	6
      00005A 01                     872 	.db	1
      00005B 00 00r00r56            873 	.dw	0,(Sswspi$swspi_tx16$39)
      00005F 0E                     874 	.db	14
      000060 07                     875 	.uleb128	7
      000061 01                     876 	.db	1
      000062 00 00r00r5B            877 	.dw	0,(Sswspi$swspi_tx16$40)
      000066 0E                     878 	.db	14
      000067 04                     879 	.uleb128	4
      000068 01                     880 	.db	1
      000069 00 00r00r60            881 	.dw	0,(Sswspi$swspi_tx16$44)
      00006D 0E                     882 	.db	14
      00006E 05                     883 	.uleb128	5
      00006F 01                     884 	.db	1
      000070 00 00r00r62            885 	.dw	0,(Sswspi$swspi_tx16$45)
      000074 0E                     886 	.db	14
      000075 06                     887 	.uleb128	6
      000076 01                     888 	.db	1
      000077 00 00r00r64            889 	.dw	0,(Sswspi$swspi_tx16$46)
      00007B 0E                     890 	.db	14
      00007C 07                     891 	.uleb128	7
      00007D 01                     892 	.db	1
      00007E 00 00r00r69            893 	.dw	0,(Sswspi$swspi_tx16$47)
      000082 0E                     894 	.db	14
      000083 04                     895 	.uleb128	4
      000084 01                     896 	.db	1
      000085 00 00r00r6B            897 	.dw	0,(Sswspi$swspi_tx16$50)
      000089 0E                     898 	.db	14
      00008A 05                     899 	.uleb128	5
      00008B 01                     900 	.db	1
      00008C 00 00r00r6D            901 	.dw	0,(Sswspi$swspi_tx16$51)
      000090 0E                     902 	.db	14
      000091 06                     903 	.uleb128	6
      000092 01                     904 	.db	1
      000093 00 00r00r6F            905 	.dw	0,(Sswspi$swspi_tx16$52)
      000097 0E                     906 	.db	14
      000098 07                     907 	.uleb128	7
      000099 01                     908 	.db	1
      00009A 00 00r00r74            909 	.dw	0,(Sswspi$swspi_tx16$53)
      00009E 0E                     910 	.db	14
      00009F 04                     911 	.uleb128	4
      0000A0 01                     912 	.db	1
      0000A1 00 00r00r7A            913 	.dw	0,(Sswspi$swspi_tx16$56)
      0000A5 0E                     914 	.db	14
      0000A6 05                     915 	.uleb128	5
      0000A7 01                     916 	.db	1
      0000A8 00 00r00r7C            917 	.dw	0,(Sswspi$swspi_tx16$57)
      0000AC 0E                     918 	.db	14
      0000AD 06                     919 	.uleb128	6
      0000AE 01                     920 	.db	1
      0000AF 00 00r00r7E            921 	.dw	0,(Sswspi$swspi_tx16$58)
      0000B3 0E                     922 	.db	14
      0000B4 07                     923 	.uleb128	7
      0000B5 01                     924 	.db	1
      0000B6 00 00r00r83            925 	.dw	0,(Sswspi$swspi_tx16$59)
      0000BA 0E                     926 	.db	14
      0000BB 04                     927 	.uleb128	4
      0000BC 01                     928 	.db	1
      0000BD 00 00r00r88            929 	.dw	0,(Sswspi$swspi_tx16$62)
      0000C1 0E                     930 	.db	14
      0000C2 05                     931 	.uleb128	5
      0000C3 01                     932 	.db	1
      0000C4 00 00r00r8A            933 	.dw	0,(Sswspi$swspi_tx16$63)
      0000C8 0E                     934 	.db	14
      0000C9 06                     935 	.uleb128	6
      0000CA 01                     936 	.db	1
      0000CB 00 00r00r8C            937 	.dw	0,(Sswspi$swspi_tx16$64)
      0000CF 0E                     938 	.db	14
      0000D0 07                     939 	.uleb128	7
      0000D1 01                     940 	.db	1
      0000D2 00 00r00r91            941 	.dw	0,(Sswspi$swspi_tx16$65)
      0000D6 0E                     942 	.db	14
      0000D7 04                     943 	.uleb128	4
      0000D8 01                     944 	.db	1
      0000D9 00 00r00r92            945 	.dw	0,(Sswspi$swspi_tx16$67)
      0000DD 0E                     946 	.db	14
      0000DE 02                     947 	.uleb128	2
                                    948 
                                    949 	.area .debug_frame (NOLOAD)
      0000DF 00 00                  950 	.dw	0
      0000E1 00 0E                  951 	.dw	Ldebug_CIE1_end-Ldebug_CIE1_start
      0000E3                        952 Ldebug_CIE1_start:
      0000E3 FF FF                  953 	.dw	0xffff
      0000E5 FF FF                  954 	.dw	0xffff
      0000E7 01                     955 	.db	1
      0000E8 00                     956 	.db	0
      0000E9 01                     957 	.uleb128	1
      0000EA 7F                     958 	.sleb128	-1
      0000EB 09                     959 	.db	9
      0000EC 0C                     960 	.db	12
      0000ED 08                     961 	.uleb128	8
      0000EE 02                     962 	.uleb128	2
      0000EF 89                     963 	.db	137
      0000F0 01                     964 	.uleb128	1
      0000F1                        965 Ldebug_CIE1_end:
      0000F1 00 00 00 7C            966 	.dw	0,124
      0000F5 00 00r00rDF            967 	.dw	0,(Ldebug_CIE1_start-4)
      0000F9 00 00r00r00            968 	.dw	0,(Sswspi$swspi_init$1)	;initial loc
      0000FD 00 00 00 28            969 	.dw	0,Sswspi$swspi_init$22-Sswspi$swspi_init$1
      000101 01                     970 	.db	1
      000102 00 00r00r00            971 	.dw	0,(Sswspi$swspi_init$1)
      000106 0E                     972 	.db	14
      000107 02                     973 	.uleb128	2
      000108 01                     974 	.db	1
      000109 00 00r00r02            975 	.dw	0,(Sswspi$swspi_init$3)
      00010D 0E                     976 	.db	14
      00010E 03                     977 	.uleb128	3
      00010F 01                     978 	.db	1
      000110 00 00r00r04            979 	.dw	0,(Sswspi$swspi_init$4)
      000114 0E                     980 	.db	14
      000115 04                     981 	.uleb128	4
      000116 01                     982 	.db	1
      000117 00 00r00r06            983 	.dw	0,(Sswspi$swspi_init$5)
      00011B 0E                     984 	.db	14
      00011C 05                     985 	.uleb128	5
      00011D 01                     986 	.db	1
      00011E 00 00r00r08            987 	.dw	0,(Sswspi$swspi_init$6)
      000122 0E                     988 	.db	14
      000123 06                     989 	.uleb128	6
      000124 01                     990 	.db	1
      000125 00 00r00r0D            991 	.dw	0,(Sswspi$swspi_init$7)
      000129 0E                     992 	.db	14
      00012A 02                     993 	.uleb128	2
      00012B 01                     994 	.db	1
      00012C 00 00r00r0F            995 	.dw	0,(Sswspi$swspi_init$9)
      000130 0E                     996 	.db	14
      000131 03                     997 	.uleb128	3
      000132 01                     998 	.db	1
      000133 00 00r00r11            999 	.dw	0,(Sswspi$swspi_init$10)
      000137 0E                    1000 	.db	14
      000138 04                    1001 	.uleb128	4
      000139 01                    1002 	.db	1
      00013A 00 00r00r13           1003 	.dw	0,(Sswspi$swspi_init$11)
      00013E 0E                    1004 	.db	14
      00013F 05                    1005 	.uleb128	5
      000140 01                    1006 	.db	1
      000141 00 00r00r15           1007 	.dw	0,(Sswspi$swspi_init$12)
      000145 0E                    1008 	.db	14
      000146 06                    1009 	.uleb128	6
      000147 01                    1010 	.db	1
      000148 00 00r00r1A           1011 	.dw	0,(Sswspi$swspi_init$13)
      00014C 0E                    1012 	.db	14
      00014D 02                    1013 	.uleb128	2
      00014E 01                    1014 	.db	1
      00014F 00 00r00r1C           1015 	.dw	0,(Sswspi$swspi_init$15)
      000153 0E                    1016 	.db	14
      000154 03                    1017 	.uleb128	3
      000155 01                    1018 	.db	1
      000156 00 00r00r1E           1019 	.dw	0,(Sswspi$swspi_init$16)
      00015A 0E                    1020 	.db	14
      00015B 04                    1021 	.uleb128	4
      00015C 01                    1022 	.db	1
      00015D 00 00r00r20           1023 	.dw	0,(Sswspi$swspi_init$17)
      000161 0E                    1024 	.db	14
      000162 05                    1025 	.uleb128	5
      000163 01                    1026 	.db	1
      000164 00 00r00r22           1027 	.dw	0,(Sswspi$swspi_init$18)
      000168 0E                    1028 	.db	14
      000169 06                    1029 	.uleb128	6
      00016A 01                    1030 	.db	1
      00016B 00 00r00r27           1031 	.dw	0,(Sswspi$swspi_init$19)
      00016F 0E                    1032 	.db	14
      000170 02                    1033 	.uleb128	2
